#
# There is insufficient memory for the Java Runtime Environment to continue.
# Native memory allocation (mmap) failed to map 120586240 bytes for committing reserved memory.
# Possible reasons:
#   The system is out of physical RAM or swap space
#   In 32 bit mode, the process size limit was hit
# Possible solutions:
#   Reduce memory load on the system
#   Increase physical memory or swap space
#   Check if swap backing store is full
#   Use 64 bit Java on a 64 bit OS
#   Decrease Java heap size (-Xmx/-Xms)
#   Decrease number of Java threads
#   Decrease Java thread stack sizes (-Xss)
#   Set larger code cache with -XX:ReservedCodeCacheSize=
# This output file may be truncated or incomplete.
#
#  Out of Memory Error (os_linux.cpp:2643), pid=17117, tid=0x00007f6f8bcfc700
#
# JRE version: OpenJDK Runtime Environment (8.0_131-b11) (build 1.8.0_131-8u131-b11-2ubuntu1.16.04.3-b11)
# Java VM: OpenJDK 64-Bit Server VM (25.131-b11 mixed mode linux-amd64 compressed oops)
# Failed to write core dump. Core dumps have been disabled. To enable core dumping, try "ulimit -c unlimited" before starting Java again
#

---------------  T H R E A D  ---------------

Current thread (0x00007f6fa4140000):  VMThread [stack: 0x00007f6f8bbfc000,0x00007f6f8bcfd000] [id=17129]

Stack: [0x00007f6f8bbfc000,0x00007f6f8bcfd000],  sp=0x00007f6f8bcfb480,  free space=1021k
Native frames: (J=compiled Java code, j=interpreted, Vv=VM code, C=native code)
V  [libjvm.so+0xa6a1bb]
V  [libjvm.so+0x4c5a6c]
V  [libjvm.so+0x8b85a0]
V  [libjvm.so+0x8b2a1e]
V  [libjvm.so+0x92d556]
V  [libjvm.so+0x91cbba]
V  [libjvm.so+0x91cdc3]
V  [libjvm.so+0x91d728]
V  [libjvm.so+0x9239ee]
V  [libjvm.so+0x92b3bd]
V  [libjvm.so+0x8dd093]
V  [libjvm.so+0xa6be72]
V  [libjvm.so+0xa70f57]
V  [libjvm.so+0xa6e727]
V  [libjvm.so+0xa6fbaf]
V  [libjvm.so+0xa700a1]
V  [libjvm.so+0x8b5a82]

VM_Operation (0x00007f6faaaff720): ParallelGCFailedAllocation, mode: safepoint, requested by thread 0x00007f6fa400b800


---------------  P R O C E S S  ---------------

Java Threads: ( => current thread )
  0x00007f6fa4260000 JavaThread "Service Thread" daemon [_thread_blocked, id=17143, stack(0x00007f6f5beff000,0x00007f6f5c000000)]
  0x00007f6fa424b000 JavaThread "C1 CompilerThread2" daemon [_thread_blocked, id=17142, stack(0x00007f6f63eff000,0x00007f6f64000000)]
  0x00007f6fa4246800 JavaThread "C2 CompilerThread1" daemon [_thread_blocked, id=17140, stack(0x00007f6f88100000,0x00007f6f88201000)]
  0x00007f6fa4244800 JavaThread "C2 CompilerThread0" daemon [_thread_blocked, id=17138, stack(0x00007f6f8b41a000,0x00007f6f8b51b000)]
  0x00007f6fa4243000 JavaThread "Monitor Ctrl-Break" daemon [_thread_in_native, id=17136, stack(0x00007f6f8b51b000,0x00007f6f8b61c000)]
  0x00007f6fa4174000 JavaThread "Signal Dispatcher" daemon [_thread_blocked, id=17134, stack(0x00007f6f8b61c000,0x00007f6f8b71d000)]
  0x00007f6fa414c000 JavaThread "Finalizer" daemon [_thread_blocked, id=17131, stack(0x00007f6f8b9fa000,0x00007f6f8bafb000)]
  0x00007f6fa4147800 JavaThread "Reference Handler" daemon [_thread_blocked, id=17130, stack(0x00007f6f8bafb000,0x00007f6f8bbfc000)]
  0x00007f6fa400b800 JavaThread "main" [_thread_blocked, id=17120, stack(0x00007f6faaa00000,0x00007f6faab01000)]

Other Threads:
=>0x00007f6fa4140000 VMThread [stack: 0x00007f6f8bbfc000,0x00007f6f8bcfd000] [id=17129]
  0x00007f6fa4262800 WatcherThread [stack: 0x00007f6f63dfe000,0x00007f6f63eff000] [id=17144]

VM state:at safepoint (normal execution)

VM Mutex/Monitor currently owned by a thread:  ([mutex/lock_event])
[0x00007f6fa4007620] ExpandHeap_lock - owner thread: 0x00007f6fa4140000
[0x00007f6fa4007ca0] Threads_lock - owner thread: 0x00007f6fa4140000
[0x00007f6fa40081a0] Heap_lock - owner thread: 0x00007f6fa400b800

Heap:
 PSYoungGen      total 191488K, used 36161K [0x00000000ebd00000, 0x00000000fea00000, 0x0000000100000000)
  eden space 81408K, 0% used [0x00000000ebd00000,0x00000000ebd00000,0x00000000f0c80000)
  from space 110080K, 32% used [0x00000000f0c80000,0x00000000f2fd07f0,0x00000000f7800000)
  to   space 108544K, 0% used [0x00000000f8000000,0x00000000f8000000,0x00000000fea00000)
 ParOldGen       total 544768K, used 544469K [0x00000000c3600000, 0x00000000e4a00000, 0x00000000ebd00000)
  object space 544768K, 99% used [0x00000000c3600000,0x00000000e49b5410,0x00000000e4a00000)
 Metaspace       used 3280K, capacity 4564K, committed 4864K, reserved 1056768K
  class space    used 344K, capacity 388K, committed 512K, reserved 1048576K

Card table byte_map: [0x00007f6f93bd7000,0x00007f6f93dbd000] byte_map_base: 0x00007f6f935bc000

Marking Bits: (ParMarkBitMap*) 0x00007f6fa9cd12c0
 Begin Bits: [0x00007f6f9183f000, 0x00007f6f92767000)
 End Bits:   [0x00007f6f92767000, 0x00007f6f9368f000)

Polling page: 0x00007f6faab23000

CodeCache: size=245760Kb used=1479Kb max_used=1493Kb free=244280Kb
 bounds [0x00007f6f9417d000, 0x00007f6f943ed000, 0x00007f6fa317d000]
 total_blobs=401 nmethods=155 adapters=162
 compilation: enabled

Compilation events (10 events):
Event: 1,068 Thread 0x00007f6fa4246800 nmethod 157 0x00007f6f942e39d0 code [0x00007f6f942e3b40, 0x00007f6f942e3f98]
Event: 1,068 Thread 0x00007f6fa4246800  147   !   4       java.io.PrintStream::write (69 bytes)
Event: 1,105 Thread 0x00007f6fa4246800 nmethod 147 0x00007f6f942e4ad0 code [0x00007f6f942e4c80, 0x00007f6f942e57e8]
Event: 1,128 Thread 0x00007f6fa4244800 nmethod 156 0x00007f6f942e7bd0 code [0x00007f6f942e7da0, 0x00007f6f942e8ca8]
Event: 1,533 Thread 0x00007f6fa424b000  159 % !   3       MatriceBinaire::readMUTFile @ 37 (197 bytes)
Event: 1,538 Thread 0x00007f6fa424b000 nmethod 159% 0x00007f6f942ec250 code [0x00007f6f942ec700, 0x00007f6f942ef0b8]
Event: 1,546 Thread 0x00007f6fa424b000  160   !   3       MatriceBinaire::readMUTFile (197 bytes)
Event: 1,551 Thread 0x00007f6fa424b000 nmethod 160 0x00007f6f942f0f50 code [0x00007f6f942f13e0, 0x00007f6f942f3c18]
Event: 1,907 Thread 0x00007f6fa4246800  161 % !   4       MatriceBinaire::readMUTFile @ 37 (197 bytes)
Event: 1,951 Thread 0x00007f6fa4246800 nmethod 161% 0x00007f6f942f5910 code [0x00007f6f942f5ae0, 0x00007f6f942f64a8]

GC Heap History (10 events):
Event: 39,585 GC heap after
Heap after GC invocations=26 (full 5):
 PSYoungGen      total 172032K, used 33440K [0x00000000ebd00000, 0x00000000fda00000, 0x0000000100000000)
  eden space 61952K, 0% used [0x00000000ebd00000,0x00000000ebd00000,0x00000000ef980000)
  from space 110080K, 30% used [0x00000000ef980000,0x00000000f1a28000,0x00000000f6500000)
  to   space 109568K, 0% used [0x00000000f6f00000,0x00000000f6f00000,0x00000000fda00000)
 ParOldGen       total 536064K, used 394641K [0x00000000c3600000, 0x00000000e4180000, 0x00000000ebd00000)
  object space 536064K, 73% used [0x00000000c3600000,0x00000000db764700,0x00000000e4180000)
 Metaspace       used 3280K, capacity 4564K, committed 4864K, reserved 1056768K
  class space    used 344K, capacity 388K, committed 512K, reserved 1048576K
}
Event: 40,199 GC heap before
{Heap before GC invocations=27 (full 5):
 PSYoungGen      total 172032K, used 95392K [0x00000000ebd00000, 0x00000000fda00000, 0x0000000100000000)
  eden space 61952K, 100% used [0x00000000ebd00000,0x00000000ef980000,0x00000000ef980000)
  from space 110080K, 30% used [0x00000000ef980000,0x00000000f1a28000,0x00000000f6500000)
  to   space 109568K, 0% used [0x00000000f6f00000,0x00000000f6f00000,0x00000000fda00000)
 ParOldGen       total 536064K, used 394641K [0x00000000c3600000, 0x00000000e4180000, 0x00000000ebd00000)
  object space 536064K, 73% used [0x00000000c3600000,0x00000000db764700,0x00000000e4180000)
 Metaspace       used 3280K, capacity 4564K, committed 4864K, reserved 1056768K
  class space    used 344K, capacity 388K, committed 512K, reserved 1048576K
Event: 40,364 GC heap after
Heap after GC invocations=27 (full 5):
 PSYoungGen      total 181760K, used 66816K [0x00000000ebd00000, 0x00000000fda80000, 0x0000000100000000)
  eden space 72192K, 0% used [0x00000000ebd00000,0x00000000ebd00000,0x00000000f0380000)
  from space 109568K, 60% used [0x00000000f6f00000,0x00000000fb040000,0x00000000fda00000)
  to   space 110080K, 0% used [0x00000000f0380000,0x00000000f0380000,0x00000000f6f00000)
 ParOldGen       total 536064K, used 394641K [0x00000000c3600000, 0x00000000e4180000, 0x00000000ebd00000)
  object space 536064K, 73% used [0x00000000c3600000,0x00000000db764700,0x00000000e4180000)
 Metaspace       used 3280K, capacity 4564K, committed 4864K, reserved 1056768K
  class space    used 344K, capacity 388K, committed 512K, reserved 1048576K
}
Event: 41,326 GC heap before
{Heap before GC invocations=28 (full 5):
 PSYoungGen      total 181760K, used 139008K [0x00000000ebd00000, 0x00000000fda80000, 0x0000000100000000)
  eden space 72192K, 100% used [0x00000000ebd00000,0x00000000f0380000,0x00000000f0380000)
  from space 109568K, 60% used [0x00000000f6f00000,0x00000000fb040000,0x00000000fda00000)
  to   space 110080K, 0% used [0x00000000f0380000,0x00000000f0380000,0x00000000f6f00000)
 ParOldGen       total 536064K, used 394641K [0x00000000c3600000, 0x00000000e4180000, 0x00000000ebd00000)
  object space 536064K, 73% used [0x00000000c3600000,0x00000000db764700,0x00000000e4180000)
 Metaspace       used 3280K, capacity 4564K, committed 4864K, reserved 1056768K
  class space    used 344K, capacity 388K, committed 512K, reserved 1048576K
Event: 42,897 GC heap after
Heap after GC invocations=28 (full 5):
 PSYoungGen      total 182272K, used 38944K [0x00000000ebd00000, 0x00000000fe000000, 0x0000000100000000)
  eden space 72192K, 0% used [0x00000000ebd00000,0x00000000ebd00000,0x00000000f0380000)
  from space 110080K, 35% used [0x00000000f0380000,0x00000000f2988000,0x00000000f6f00000)
  to   space 106496K, 0% used [0x00000000f7800000,0x00000000f7800000,0x00000000fe000000)
 ParOldGen       total 536064K, used 461593K [0x00000000c3600000, 0x00000000e4180000, 0x00000000ebd00000)
  object space 536064K, 86% used [0x00000000c3600000,0x00000000df8c6700,0x00000000e4180000)
 Metaspace       used 3280K, capacity 4564K, committed 4864K, reserved 1056768K
  class space    used 344K, capacity 388K, committed 512K, reserved 1048576K
}
Event: 43,820 GC heap before
{Heap before GC invocations=29 (full 5):
 PSYoungGen      total 182272K, used 111136K [0x00000000ebd00000, 0x00000000fe000000, 0x0000000100000000)
  eden space 72192K, 100% used [0x00000000ebd00000,0x00000000f0380000,0x00000000f0380000)
  from space 110080K, 35% used [0x00000000f0380000,0x00000000f2988000,0x00000000f6f00000)
  to   space 106496K, 0% used [0x00000000f7800000,0x00000000f7800000,0x00000000fe000000)
 ParOldGen       total 536064K, used 461593K [0x00000000c3600000, 0x00000000e4180000, 0x00000000ebd00000)
  object space 536064K, 86% used [0x00000000c3600000,0x00000000df8c6700,0x00000000e4180000)
 Metaspace       used 3280K, capacity 4564K, committed 4864K, reserved 1056768K
  class space    used 344K, capacity 388K, committed 512K, reserved 1048576K
Event: 44,119 GC heap after
Heap after GC invocations=29 (full 5):
 PSYoungGen      total 187904K, used 82843K [0x00000000ebd00000, 0x00000000fe680000, 0x0000000100000000)
  eden space 81408K, 0% used [0x00000000ebd00000,0x00000000ebd00000,0x00000000f0c80000)
  from space 106496K, 77% used [0x00000000f7800000,0x00000000fc8e6c08,0x00000000fe000000)
  to   space 110080K, 0% used [0x00000000f0c80000,0x00000000f0c80000,0x00000000f7800000)
 ParOldGen       total 536064K, used 461593K [0x00000000c3600000, 0x00000000e4180000, 0x00000000ebd00000)
  object space 536064K, 86% used [0x00000000c3600000,0x00000000df8c6700,0x00000000e4180000)
 Metaspace       used 3280K, capacity 4564K, committed 4864K, reserved 1056768K
  class space    used 344K, capacity 388K, committed 512K, reserved 1048576K
}
Event: 46,357 GC heap before
{Heap before GC invocations=30 (full 5):
 PSYoungGen      total 187904K, used 164251K [0x00000000ebd00000, 0x00000000fe680000, 0x0000000100000000)
  eden space 81408K, 100% used [0x00000000ebd00000,0x00000000f0c80000,0x00000000f0c80000)
  from space 106496K, 77% used [0x00000000f7800000,0x00000000fc8e6c08,0x00000000fe000000)
  to   space 110080K, 0% used [0x00000000f0c80000,0x00000000f0c80000,0x00000000f7800000)
 ParOldGen       total 536064K, used 461593K [0x00000000c3600000, 0x00000000e4180000, 0x00000000ebd00000)
  object space 536064K, 86% used [0x00000000c3600000,0x00000000df8c6700,0x00000000e4180000)
 Metaspace       used 3280K, capacity 4564K, committed 4864K, reserved 1056768K
  class space    used 344K, capacity 388K, committed 512K, reserved 1048576K
Event: 47,159 GC heap after
Heap after GC invocations=30 (full 5):
 PSYoungGen      total 191488K, used 43936K [0x00000000ebd00000, 0x00000000fea00000, 0x0000000100000000)
  eden space 81408K, 0% used [0x00000000ebd00000,0x00000000ebd00000,0x00000000f0c80000)
  from space 110080K, 39% used [0x00000000f0c80000,0x00000000f3768000,0x00000000f7800000)
  to   space 108544K, 0% used [0x00000000f8000000,0x00000000f8000000,0x00000000fea00000)
 ParOldGen       total 544768K, used 544500K [0x00000000c3600000, 0x00000000e4a00000, 0x00000000ebd00000)
  object space 544768K, 99% used [0x00000000c3600000,0x00000000e49bd308,0x00000000e4a00000)
 Metaspace       used 3280K, capacity 4564K, committed 4864K, reserved 1056768K
  class space    used 344K, capacity 388K, committed 512K, reserved 1048576K
}
Event: 47,284 GC heap before
{Heap before GC invocations=31 (full 6):
 PSYoungGen      total 191488K, used 43936K [0x00000000ebd00000, 0x00000000fea00000, 0x0000000100000000)
  eden space 81408K, 0% used [0x00000000ebd00000,0x00000000ebd00000,0x00000000f0c80000)
  from space 110080K, 39% used [0x00000000f0c80000,0x00000000f3768000,0x00000000f7800000)
  to   space 108544K, 0% used [0x00000000f8000000,0x00000000f8000000,0x00000000fea00000)
 ParOldGen       total 544768K, used 544500K [0x00000000c3600000, 0x00000000e4a00000, 0x00000000ebd00000)
  object space 544768K, 99% used [0x00000000c3600000,0x00000000e49bd308,0x00000000e4a00000)
 Metaspace       used 3280K, capacity 4564K, committed 4864K, reserved 1056768K
  class space    used 344K, capacity 388K, committed 512K, reserved 1048576K

Deoptimization events (5 events):
Event: 0,552 Thread 0x00007f6fa400b800 Uncommon trap: reason=predicate action=maybe_recompile pc=0x00007f6f942d34e8 method=java.util.AbstractCollection.toArray([Ljava/lang/Object;)[Ljava/lang/Object; @ 49
Event: 0,664 Thread 0x00007f6fa400b800 Uncommon trap: reason=array_check action=maybe_recompile pc=0x00007f6f942d4c60 method=java.util.AbstractCollection.toArray([Ljava/lang/Object;)[Ljava/lang/Object; @ 119
Event: 0,664 Thread 0x00007f6fa400b800 Uncommon trap: reason=array_check action=maybe_recompile pc=0x00007f6f942d4c60 method=java.util.AbstractCollection.toArray([Ljava/lang/Object;)[Ljava/lang/Object; @ 119
Event: 0,664 Thread 0x00007f6fa400b800 Uncommon trap: reason=array_check action=maybe_recompile pc=0x00007f6f942d4c60 method=java.util.AbstractCollection.toArray([Ljava/lang/Object;)[Ljava/lang/Object; @ 119
Event: 0,665 Thread 0x00007f6fa400b800 Uncommon trap: reason=array_check action=maybe_recompile pc=0x00007f6f942d4c60 method=java.util.AbstractCollection.toArray([Ljava/lang/Object;)[Ljava/lang/Object; @ 119

Internal exceptions (2 events):
Event: 0,083 Thread 0x00007f6fa400b800 Exception <a 'java/lang/NoSuchMethodError': Method sun.misc.Unsafe.defineClass(Ljava/lang/String;[BII)Ljava/lang/Class; name or signature does not match> (0x00000000ebd07ca8) thrown at [/build/openjdk-8-pZyJp3/openjdk-8-8u131-b11/src/hotspot/src/share/vm/
Event: 0,083 Thread 0x00007f6fa400b800 Exception <a 'java/lang/NoSuchMethodError': Method sun.misc.Unsafe.prefetchRead(Ljava/lang/Object;J)V name or signature does not match> (0x00000000ebd07f90) thrown at [/build/openjdk-8-pZyJp3/openjdk-8-8u131-b11/src/hotspot/src/share/vm/prims/jni.cpp, lin

Events (10 events):
Event: 36,062 Executing VM operation: ParallelGCFailedAllocation done
Event: 37,131 Executing VM operation: ParallelGCFailedAllocation
Event: 39,585 Executing VM operation: ParallelGCFailedAllocation done
Event: 40,199 Executing VM operation: ParallelGCFailedAllocation
Event: 40,364 Executing VM operation: ParallelGCFailedAllocation done
Event: 41,326 Executing VM operation: ParallelGCFailedAllocation
Event: 42,897 Executing VM operation: ParallelGCFailedAllocation done
Event: 43,820 Executing VM operation: ParallelGCFailedAllocation
Event: 44,119 Executing VM operation: ParallelGCFailedAllocation done
Event: 46,357 Executing VM operation: ParallelGCFailedAllocation


Dynamic libraries:
00400000-00401000 r-xp 00000000 08:06 2498868                            /usr/lib/jvm/java-8-openjdk-amd64/jre/bin/java
00600000-00601000 r--p 00000000 08:06 2498868                            /usr/lib/jvm/java-8-openjdk-amd64/jre/bin/java
00601000-00602000 rw-p 00001000 08:06 2498868                            /usr/lib/jvm/java-8-openjdk-amd64/jre/bin/java
01ad6000-01af7000 rw-p 00000000 00:00 0                                  [heap]
c3600000-e4a00000 rw-p 00000000 00:00 0 
ebd00000-fea00000 rw-p 00000000 00:00 0 
fea00000-100000000 ---p 00000000 00:00 0 
100000000-100080000 rw-p 00000000 00:00 0 
100080000-140000000 ---p 00000000 00:00 0 
7f6f4c000000-7f6f4c021000 rw-p 00000000 00:00 0 
7f6f4c021000-7f6f50000000 ---p 00000000 00:00 0 
7f6f50000000-7f6f50021000 rw-p 00000000 00:00 0 
7f6f50021000-7f6f54000000 ---p 00000000 00:00 0 
7f6f54000000-7f6f540bc000 rw-p 00000000 00:00 0 
7f6f540bc000-7f6f58000000 ---p 00000000 00:00 0 
7f6f5beff000-7f6f5bf02000 ---p 00000000 00:00 0 
7f6f5bf02000-7f6f5c000000 rw-p 00000000 00:00 0 
7f6f5c000000-7f6f5c320000 rw-p 00000000 00:00 0 
7f6f5c320000-7f6f60000000 ---p 00000000 00:00 0 
7f6f63dfe000-7f6f63dff000 ---p 00000000 00:00 0 
7f6f63dff000-7f6f63eff000 rw-p 00000000 00:00 0 
7f6f63eff000-7f6f63f02000 ---p 00000000 00:00 0 
7f6f63f02000-7f6f64000000 rw-p 00000000 00:00 0 
7f6f64000000-7f6f64021000 rw-p 00000000 00:00 0 
7f6f64021000-7f6f68000000 ---p 00000000 00:00 0 
7f6f68000000-7f6f68253000 rw-p 00000000 00:00 0 
7f6f68253000-7f6f6c000000 ---p 00000000 00:00 0 
7f6f6c000000-7f6f6c021000 rw-p 00000000 00:00 0 
7f6f6c021000-7f6f70000000 ---p 00000000 00:00 0 
7f6f70000000-7f6f70021000 rw-p 00000000 00:00 0 
7f6f70021000-7f6f74000000 ---p 00000000 00:00 0 
7f6f74000000-7f6f74021000 rw-p 00000000 00:00 0 
7f6f74021000-7f6f78000000 ---p 00000000 00:00 0 
7f6f78000000-7f6f78021000 rw-p 00000000 00:00 0 
7f6f78021000-7f6f7c000000 ---p 00000000 00:00 0 
7f6f7c000000-7f6f7c1d2000 rw-p 00000000 00:00 0 
7f6f7c1d2000-7f6f80000000 ---p 00000000 00:00 0 
7f6f80000000-7f6f8012c000 rw-p 00000000 00:00 0 
7f6f8012c000-7f6f84000000 ---p 00000000 00:00 0 
7f6f84000000-7f6f84127000 rw-p 00000000 00:00 0 
7f6f84127000-7f6f88000000 ---p 00000000 00:00 0 
7f6f88100000-7f6f88103000 ---p 00000000 00:00 0 
7f6f88103000-7f6f8b202000 rw-p 00000000 00:00 0 
7f6f8b202000-7f6f8b219000 r-xp 00000000 08:06 2498675                    /usr/lib/jvm/java-8-openjdk-amd64/jre/lib/amd64/libnet.so
7f6f8b219000-7f6f8b418000 ---p 00017000 08:06 2498675                    /usr/lib/jvm/java-8-openjdk-amd64/jre/lib/amd64/libnet.so
7f6f8b418000-7f6f8b419000 r--p 00016000 08:06 2498675                    /usr/lib/jvm/java-8-openjdk-amd64/jre/lib/amd64/libnet.so
7f6f8b419000-7f6f8b41a000 rw-p 00017000 08:06 2498675                    /usr/lib/jvm/java-8-openjdk-amd64/jre/lib/amd64/libnet.so
7f6f8b41a000-7f6f8b41d000 ---p 00000000 00:00 0 
7f6f8b41d000-7f6f8b51b000 rw-p 00000000 00:00 0 
7f6f8b51b000-7f6f8b51e000 ---p 00000000 00:00 0 
7f6f8b51e000-7f6f8b61c000 rw-p 00000000 00:00 0 
7f6f8b61c000-7f6f8b61f000 ---p 00000000 00:00 0 
7f6f8b61f000-7f6f8b71d000 rw-p 00000000 00:00 0 
7f6f8b71d000-7f6f8b9fa000 r--p 00000000 08:06 2484155                    /usr/lib/locale/locale-archive
7f6f8b9fa000-7f6f8b9fd000 ---p 00000000 00:00 0 
7f6f8b9fd000-7f6f8bafb000 rw-p 00000000 00:00 0 
7f6f8bafb000-7f6f8bafe000 ---p 00000000 00:00 0 
7f6f8bafe000-7f6f8bbfc000 rw-p 00000000 00:00 0 
7f6f8bbfc000-7f6f8bbfd000 ---p 00000000 00:00 0 
7f6f8bbfd000-7f6f8c000000 rw-p 00000000 00:00 0 
7f6f8c000000-7f6f8c127000 rw-p 00000000 00:00 0 
7f6f8c127000-7f6f90000000 ---p 00000000 00:00 0 
7f6f90080000-7f6f90c8c000 rw-p 00000000 00:00 0 
7f6f90c8c000-7f6f90e5a000 r--s 03c13000 08:06 2490371                    /usr/lib/jvm/java-8-openjdk-amd64/jre/lib/rt.jar
7f6f90e5a000-7f6f9129a000 rw-p 00000000 00:00 0 
7f6f9129a000-7f6f9165a000 ---p 00000000 00:00 0 
7f6f9165a000-7f6f9368f000 rw-p 00000000 00:00 0 
7f6f9368f000-7f6f93690000 ---p 00000000 00:00 0 
7f6f93690000-7f6f93790000 rw-p 00000000 00:00 0 
7f6f93790000-7f6f93791000 ---p 00000000 00:00 0 
7f6f93791000-7f6f93891000 rw-p 00000000 00:00 0 
7f6f93891000-7f6f93892000 ---p 00000000 00:00 0 
7f6f93892000-7f6f93992000 rw-p 00000000 00:00 0 
7f6f93992000-7f6f93993000 ---p 00000000 00:00 0 
7f6f93993000-7f6f93b9d000 rw-p 00000000 00:00 0 
7f6f93b9d000-7f6f93bd7000 ---p 00000000 00:00 0 
7f6f93bd7000-7f6f93ce1000 rw-p 00000000 00:00 0 
7f6f93ce1000-7f6f93d1a000 ---p 00000000 00:00 0 
7f6f93d1a000-7f6f93db1000 rw-p 00000000 00:00 0 
7f6f93db1000-7f6f93dbc000 ---p 00000000 00:00 0 
7f6f93dbc000-7f6f93dc7000 rw-p 00000000 00:00 0 
7f6f93dc7000-7f6f9417d000 ---p 00000000 00:00 0 
7f6f9417d000-7f6f943ed000 rwxp 00000000 00:00 0 
7f6f943ed000-7f6fa317d000 ---p 00000000 00:00 0 
7f6fa317d000-7f6fa3185000 r-xp 00000000 08:06 2496690                    /usr/lib/jvm/java-8-openjdk-amd64/jre/lib/amd64/libzip.so
7f6fa3185000-7f6fa3384000 ---p 00008000 08:06 2496690                    /usr/lib/jvm/java-8-openjdk-amd64/jre/lib/amd64/libzip.so
7f6fa3384000-7f6fa3385000 r--p 00007000 08:06 2496690                    /usr/lib/jvm/java-8-openjdk-amd64/jre/lib/amd64/libzip.so
7f6fa3385000-7f6fa3386000 rw-p 00008000 08:06 2496690                    /usr/lib/jvm/java-8-openjdk-amd64/jre/lib/amd64/libzip.so
7f6fa3386000-7f6fa3391000 r-xp 00000000 08:06 1180255                    /lib/x86_64-linux-gnu/libnss_files-2.23.so
7f6fa3391000-7f6fa3590000 ---p 0000b000 08:06 1180255                    /lib/x86_64-linux-gnu/libnss_files-2.23.so
7f6fa3590000-7f6fa3591000 r--p 0000a000 08:06 1180255                    /lib/x86_64-linux-gnu/libnss_files-2.23.so
7f6fa3591000-7f6fa3592000 rw-p 0000b000 08:06 1180255                    /lib/x86_64-linux-gnu/libnss_files-2.23.so
7f6fa3592000-7f6fa3598000 rw-p 00000000 00:00 0 
7f6fa3598000-7f6fa35a3000 r-xp 00000000 08:06 1197231                    /lib/x86_64-linux-gnu/libnss_nis-2.23.so
7f6fa35a3000-7f6fa37a2000 ---p 0000b000 08:06 1197231                    /lib/x86_64-linux-gnu/libnss_nis-2.23.so
7f6fa37a2000-7f6fa37a3000 r--p 0000a000 08:06 1197231                    /lib/x86_64-linux-gnu/libnss_nis-2.23.so
7f6fa37a3000-7f6fa37a4000 rw-p 0000b000 08:06 1197231                    /lib/x86_64-linux-gnu/libnss_nis-2.23.so
7f6fa37a4000-7f6fa37ba000 r-xp 00000000 08:06 1180066                    /lib/x86_64-linux-gnu/libnsl-2.23.so
7f6fa37ba000-7f6fa39b9000 ---p 00016000 08:06 1180066                    /lib/x86_64-linux-gnu/libnsl-2.23.so
7f6fa39b9000-7f6fa39ba000 r--p 00015000 08:06 1180066                    /lib/x86_64-linux-gnu/libnsl-2.23.so
7f6fa39ba000-7f6fa39bb000 rw-p 00016000 08:06 1180066                    /lib/x86_64-linux-gnu/libnsl-2.23.so
7f6fa39bb000-7f6fa39bd000 rw-p 00000000 00:00 0 
7f6fa39bd000-7f6fa39c5000 r-xp 00000000 08:06 1197265                    /lib/x86_64-linux-gnu/libnss_compat-2.23.so
7f6fa39c5000-7f6fa3bc4000 ---p 00008000 08:06 1197265                    /lib/x86_64-linux-gnu/libnss_compat-2.23.so
7f6fa3bc4000-7f6fa3bc5000 r--p 00007000 08:06 1197265                    /lib/x86_64-linux-gnu/libnss_compat-2.23.so
7f6fa3bc5000-7f6fa3bc6000 rw-p 00008000 08:06 1197265                    /lib/x86_64-linux-gnu/libnss_compat-2.23.so
7f6fa3bc6000-7f6fa3bd0000 r-xp 00000000 08:06 2496679                    /usr/lib/jvm/java-8-openjdk-amd64/jre/lib/amd64/libinstrument.so
7f6fa3bd0000-7f6fa3dcf000 ---p 0000a000 08:06 2496679                    /usr/lib/jvm/java-8-openjdk-amd64/jre/lib/amd64/libinstrument.so
7f6fa3dcf000-7f6fa3dd0000 r--p 00009000 08:06 2496679                    /usr/lib/jvm/java-8-openjdk-amd64/jre/lib/amd64/libinstrument.so
7f6fa3dd0000-7f6fa3dd1000 rw-p 0000a000 08:06 2496679                    /usr/lib/jvm/java-8-openjdk-amd64/jre/lib/amd64/libinstrument.so
7f6fa3dd1000-7f6fa3dfe000 r-xp 00000000 08:06 2498778                    /usr/lib/jvm/java-8-openjdk-amd64/jre/lib/amd64/libjava.so
7f6fa3dfe000-7f6fa3ffd000 ---p 0002d000 08:06 2498778                    /usr/lib/jvm/java-8-openjdk-amd64/jre/lib/amd64/libjava.so
7f6fa3ffd000-7f6fa3ffe000 r--p 0002c000 08:06 2498778                    /usr/lib/jvm/java-8-openjdk-amd64/jre/lib/amd64/libjava.so
7f6fa3ffe000-7f6fa4000000 rw-p 0002d000 08:06 2498778                    /usr/lib/jvm/java-8-openjdk-amd64/jre/lib/amd64/libjava.so
7f6fa4000000-7f6fa426a000 rw-p 00000000 00:00 0 
7f6fa426a000-7f6fa8000000 ---p 00000000 00:00 0 
7f6fa800d000-7f6fa8014000 r--s 00000000 08:06 2644501                    /usr/lib/x86_64-linux-gnu/gconv/gconv-modules.cache
7f6fa8014000-7f6fa803a000 r--p 00000000 08:06 3020683                    /usr/share/locale-langpack/fr/LC_MESSAGES/libc.mo
7f6fa803a000-7f6fa803c000 r--s 0001a000 08:06 2780882                    /home/persol/.local/share/JetBrains/Toolbox/apps/IDEA-U/ch-0/172.4343.14/lib/idea_rt.jar
7f6fa803c000-7f6fa804f000 r--s 00346000 08:06 2498798                    /usr/lib/jvm/java-8-openjdk-amd64/jre/lib/resources.jar
7f6fa804f000-7f6fa8050000 r--s 00000000 08:06 2498830                    /usr/lib/jvm/java-8-openjdk-amd64/jre/lib/management-agent.jar
7f6fa8050000-7f6fa8055000 r--s 0009a000 08:06 2496678                    /usr/lib/jvm/java-8-openjdk-amd64/jre/lib/jsse.jar
7f6fa8055000-7f6fa8058000 r--s 00015000 08:06 2498842                    /usr/lib/jvm/java-8-openjdk-amd64/jre/lib/jce.jar
7f6fa8058000-7f6fa805d000 r--s 002f9000 08:06 2498806                    /usr/lib/jvm/java-8-openjdk-amd64/jre/lib/charsets.jar
7f6fa805d000-7f6fa8061000 r--s 00037000 08:06 2496667                    /usr/lib/jvm/java-8-openjdk-amd64/jre/lib/ext/sunpkcs11.jar
7f6fa8061000-7f6fa8063000 r--s 00008000 08:06 2496676                    /usr/lib/jvm/java-8-openjdk-amd64/jre/lib/ext/sunec.jar
7f6fa8063000-7f6fa807e000 r--s 00394000 08:06 2490396                    /usr/lib/jvm/java-8-openjdk-amd64/jre/lib/ext/cldrdata.jar
7f6fa807e000-7f6fa8099000 r--s 001d6000 08:06 2496663                    /usr/lib/jvm/java-8-openjdk-amd64/jre/lib/ext/nashorn.jar
7f6fa8099000-7f6fa809c000 r--s 0000f000 08:06 2496675                    /usr/lib/jvm/java-8-openjdk-amd64/jre/lib/ext/icedtea-sound.jar
7f6fa809c000-7f6fa80a6000 r--s 00116000 08:06 2496665                    /usr/lib/jvm/java-8-openjdk-amd64/jre/lib/ext/localedata.jar
7f6fa80a6000-7f6fa80f4000 rw-p 00000000 00:00 0 
7f6fa80f4000-7f6fa8103000 r-xp 00000000 08:06 2496684                    /usr/lib/jvm/java-8-openjdk-amd64/jre/lib/amd64/libverify.so
7f6fa8103000-7f6fa8302000 ---p 0000f000 08:06 2496684                    /usr/lib/jvm/java-8-openjdk-amd64/jre/lib/amd64/libverify.so
7f6fa8302000-7f6fa8304000 r--p 0000e000 08:06 2496684                    /usr/lib/jvm/java-8-openjdk-amd64/jre/lib/amd64/libverify.so
7f6fa8304000-7f6fa8305000 rw-p 00010000 08:06 2496684                    /usr/lib/jvm/java-8-openjdk-amd64/jre/lib/amd64/libverify.so
7f6fa8305000-7f6fa830c000 r-xp 00000000 08:06 1197241                    /lib/x86_64-linux-gnu/librt-2.23.so
7f6fa830c000-7f6fa850b000 ---p 00007000 08:06 1197241                    /lib/x86_64-linux-gnu/librt-2.23.so
7f6fa850b000-7f6fa850c000 r--p 00006000 08:06 1197241                    /lib/x86_64-linux-gnu/librt-2.23.so
7f6fa850c000-7f6fa850d000 rw-p 00007000 08:06 1197241                    /lib/x86_64-linux-gnu/librt-2.23.so
7f6fa850d000-7f6fa8523000 r-xp 00000000 08:06 1184667                    /lib/x86_64-linux-gnu/libgcc_s.so.1
7f6fa8523000-7f6fa8722000 ---p 00016000 08:06 1184667                    /lib/x86_64-linux-gnu/libgcc_s.so.1
7f6fa8722000-7f6fa8723000 rw-p 00015000 08:06 1184667                    /lib/x86_64-linux-gnu/libgcc_s.so.1
7f6fa8723000-7f6fa882b000 r-xp 00000000 08:06 1201904                    /lib/x86_64-linux-gnu/libm-2.23.so
7f6fa882b000-7f6fa8a2a000 ---p 00108000 08:06 1201904                    /lib/x86_64-linux-gnu/libm-2.23.so
7f6fa8a2a000-7f6fa8a2b000 r--p 00107000 08:06 1201904                    /lib/x86_64-linux-gnu/libm-2.23.so
7f6fa8a2b000-7f6fa8a2c000 rw-p 00108000 08:06 1201904                    /lib/x86_64-linux-gnu/libm-2.23.so
7f6fa8a2c000-7f6fa8b9e000 r-xp 00000000 08:06 2364884                    /usr/lib/x86_64-linux-gnu/libstdc++.so.6.0.21
7f6fa8b9e000-7f6fa8d9e000 ---p 00172000 08:06 2364884                    /usr/lib/x86_64-linux-gnu/libstdc++.so.6.0.21
7f6fa8d9e000-7f6fa8da8000 r--p 00172000 08:06 2364884                    /usr/lib/x86_64-linux-gnu/libstdc++.so.6.0.21
7f6fa8da8000-7f6fa8daa000 rw-p 0017c000 08:06 2364884                    /usr/lib/x86_64-linux-gnu/libstdc++.so.6.0.21
7f6fa8daa000-7f6fa8dae000 rw-p 00000000 00:00 0 
7f6fa8dae000-7f6fa9a02000 r-xp 00000000 08:06 2496689                    /usr/lib/jvm/java-8-openjdk-amd64/jre/lib/amd64/server/libjvm.so
7f6fa9a02000-7f6fa9c02000 ---p 00c54000 08:06 2496689                    /usr/lib/jvm/java-8-openjdk-amd64/jre/lib/amd64/server/libjvm.so
7f6fa9c02000-7f6fa9c95000 r--p 00c54000 08:06 2496689                    /usr/lib/jvm/java-8-openjdk-amd64/jre/lib/amd64/server/libjvm.so
7f6fa9c95000-7f6fa9cbe000 rw-p 00ce7000 08:06 2496689                    /usr/lib/jvm/java-8-openjdk-amd64/jre/lib/amd64/server/libjvm.so
7f6fa9cbe000-7f6fa9cee000 rw-p 00000000 00:00 0 
7f6fa9cee000-7f6fa9d06000 r-xp 00000000 08:06 1180388                    /lib/x86_64-linux-gnu/libpthread-2.23.so
7f6fa9d06000-7f6fa9f05000 ---p 00018000 08:06 1180388                    /lib/x86_64-linux-gnu/libpthread-2.23.so
7f6fa9f05000-7f6fa9f06000 r--p 00017000 08:06 1180388                    /lib/x86_64-linux-gnu/libpthread-2.23.so
7f6fa9f06000-7f6fa9f07000 rw-p 00018000 08:06 1180388                    /lib/x86_64-linux-gnu/libpthread-2.23.so
7f6fa9f07000-7f6fa9f0b000 rw-p 00000000 00:00 0 
7f6fa9f0b000-7f6fa9f0e000 r-xp 00000000 08:06 1197255                    /lib/x86_64-linux-gnu/libdl-2.23.so
7f6fa9f0e000-7f6faa10d000 ---p 00003000 08:06 1197255                    /lib/x86_64-linux-gnu/libdl-2.23.so
7f6faa10d000-7f6faa10e000 r--p 00002000 08:06 1197255                    /lib/x86_64-linux-gnu/libdl-2.23.so
7f6faa10e000-7f6faa10f000 rw-p 00003000 08:06 1197255                    /lib/x86_64-linux-gnu/libdl-2.23.so
7f6faa10f000-7f6faa128000 r-xp 00000000 08:06 1180188                    /lib/x86_64-linux-gnu/libz.so.1.2.8
7f6faa128000-7f6faa327000 ---p 00019000 08:06 1180188                    /lib/x86_64-linux-gnu/libz.so.1.2.8
7f6faa327000-7f6faa328000 r--p 00018000 08:06 1180188                    /lib/x86_64-linux-gnu/libz.so.1.2.8
7f6faa328000-7f6faa329000 rw-p 00019000 08:06 1180188                    /lib/x86_64-linux-gnu/libz.so.1.2.8
7f6faa329000-7f6faa4e9000 r-xp 00000000 08:06 1208958                    /lib/x86_64-linux-gnu/libc-2.23.so
7f6faa4e9000-7f6faa6e9000 ---p 001c0000 08:06 1208958                    /lib/x86_64-linux-gnu/libc-2.23.so
7f6faa6e9000-7f6faa6ed000 r--p 001c0000 08:06 1208958                    /lib/x86_64-linux-gnu/libc-2.23.so
7f6faa6ed000-7f6faa6ef000 rw-p 001c4000 08:06 1208958                    /lib/x86_64-linux-gnu/libc-2.23.so
7f6faa6ef000-7f6faa6f3000 rw-p 00000000 00:00 0 
7f6faa6f3000-7f6faa700000 r-xp 00000000 08:06 2496682                    /usr/lib/jvm/java-8-openjdk-amd64/jre/lib/amd64/jli/libjli.so
7f6faa700000-7f6faa900000 ---p 0000d000 08:06 2496682                    /usr/lib/jvm/java-8-openjdk-amd64/jre/lib/amd64/jli/libjli.so
7f6faa900000-7f6faa901000 r--p 0000d000 08:06 2496682                    /usr/lib/jvm/java-8-openjdk-amd64/jre/lib/amd64/jli/libjli.so
7f6faa901000-7f6faa902000 rw-p 0000e000 08:06 2496682                    /usr/lib/jvm/java-8-openjdk-amd64/jre/lib/amd64/jli/libjli.so
7f6faa902000-7f6faa928000 r-xp 00000000 08:06 1180190                    /lib/x86_64-linux-gnu/ld-2.23.so
7f6faa928000-7f6faa929000 r--s 00010000 08:06 2496677                    /usr/lib/jvm/java-8-openjdk-amd64/jre/lib/ext/zipfs.jar
7f6faa929000-7f6faa92a000 r--s 0000a000 08:06 2496671                    /usr/lib/jvm/java-8-openjdk-amd64/jre/lib/ext/jaccess.jar
7f6faa92a000-7f6faa92f000 r--s 0003b000 08:06 2496673                    /usr/lib/jvm/java-8-openjdk-amd64/jre/lib/ext/sunjce_provider.jar
7f6faa92f000-7f6faaa00000 rw-p 00000000 00:00 0 
7f6faaa00000-7f6faaa03000 ---p 00000000 00:00 0 
7f6faaa03000-7f6faab05000 rw-p 00000000 00:00 0 
7f6faab05000-7f6faab07000 r--s 00001000 08:06 2496669                    /usr/lib/jvm/java-8-openjdk-amd64/jre/lib/ext/dnsns.jar
7f6faab07000-7f6faab1a000 rw-p 00000000 00:00 0 
7f6faab1a000-7f6faab22000 rw-s 00000000 08:06 1441860                    /tmp/hsperfdata_persol/17117
7f6faab22000-7f6faab23000 rw-p 00000000 00:00 0 
7f6faab23000-7f6faab24000 ---p 00000000 00:00 0 
7f6faab24000-7f6faab27000 rw-p 00000000 00:00 0 
7f6faab27000-7f6faab28000 r--p 00025000 08:06 1180190                    /lib/x86_64-linux-gnu/ld-2.23.so
7f6faab28000-7f6faab29000 rw-p 00026000 08:06 1180190                    /lib/x86_64-linux-gnu/ld-2.23.so
7f6faab29000-7f6faab2a000 rw-p 00000000 00:00 0 
7fff6faeb000-7fff6fb0d000 rw-p 00000000 00:00 0                          [stack]
7fff6fb9a000-7fff6fb9c000 r--p 00000000 00:00 0                          [vvar]
7fff6fb9c000-7fff6fb9e000 r-xp 00000000 00:00 0                          [vdso]
ffffffffff600000-ffffffffff601000 r-xp 00000000 00:00 0                  [vsyscall]

VM Arguments:
jvm_args: -javaagent:/home/persol/.local/share/JetBrains/Toolbox/apps/IDEA-U/ch-0/172.4343.14/lib/idea_rt.jar=38320:/home/persol/.local/share/JetBrains/Toolbox/apps/IDEA-U/ch-0/172.4343.14/bin -Dfile.encoding=UTF-8 
java_command: Main
java_class_path (initial): /usr/lib/jvm/java-1.8.0-openjdk-amd64/jre/lib/charsets.jar:/usr/lib/jvm/java-1.8.0-openjdk-amd64/jre/lib/ext/cldrdata.jar:/usr/lib/jvm/java-1.8.0-openjdk-amd64/jre/lib/ext/dnsns.jar:/usr/lib/jvm/java-1.8.0-openjdk-amd64/jre/lib/ext/icedtea-sound.jar:/usr/lib/jvm/java-1.8.0-openjdk-amd64/jre/lib/ext/jaccess.jar:/usr/lib/jvm/java-1.8.0-openjdk-amd64/jre/lib/ext/localedata.jar:/usr/lib/jvm/java-1.8.0-openjdk-amd64/jre/lib/ext/nashorn.jar:/usr/lib/jvm/java-1.8.0-openjdk-amd64/jre/lib/ext/sunec.jar:/usr/lib/jvm/java-1.8.0-openjdk-amd64/jre/lib/ext/sunjce_provider.jar:/usr/lib/jvm/java-1.8.0-openjdk-amd64/jre/lib/ext/sunpkcs11.jar:/usr/lib/jvm/java-1.8.0-openjdk-amd64/jre/lib/ext/zipfs.jar:/usr/lib/jvm/java-1.8.0-openjdk-amd64/jre/lib/jce.jar:/usr/lib/jvm/java-1.8.0-openjdk-amd64/jre/lib/jsse.jar:/usr/lib/jvm/java-1.8.0-openjdk-amd64/jre/lib/management-agent.jar:/usr/lib/jvm/java-1.8.0-openjdk-amd64/jre/lib/resources.jar:/usr/lib/jvm/java-1.8.0-openjdk-amd64/jre/lib/rt.jar:/home/persol/Documents/Master2/SIC/SIC/out/production/SIC:/home/persol/.local/share/JetBrains/Toolbox/apps/IDEA-U/ch-0/172.4343.14/lib/idea_rt.jar
Launcher Type: SUN_STANDARD

Environment Variables:
PATH=./bin/:./sbin/:./games/:../bin/:../sbin/:/usr/local/sbin:/usr/local/bin:/usr/sbin:/usr/bin:/sbin:/bin:/usr/games:/usr/local/games:/snap/bin
LD_LIBRARY_PATH=/home/persol/.local/share/JetBrains/Toolbox/apps/IDEA-U/ch-0/172.4343.14/bin:share/jetbrains-toolbox:share/jetbrains-toolbox/lib:./lib/:./lib/i386-linux-gnu/:./lib/x86_64-linux-gnu/:./lib32/:./lib64/:../lib/:../lib/i386-linux-gnu/:../lib/x86_64-linux-gnu/:../lib32/:../lib64/:
SHELL=/bin/bash
DISPLAY=:0

Signal Handlers:
SIGSEGV: [libjvm.so+0xa6ad10], sa_mask[0]=11111111011111111101111111111110, sa_flags=SA_RESTART|SA_SIGINFO
SIGBUS: [libjvm.so+0xa6ad10], sa_mask[0]=11111111011111111101111111111110, sa_flags=SA_RESTART|SA_SIGINFO
SIGFPE: [libjvm.so+0x8b3bc0], sa_mask[0]=11111111011111111101111111111110, sa_flags=SA_RESTART|SA_SIGINFO
SIGPIPE: [libjvm.so+0x8b3bc0], sa_mask[0]=11111111011111111101111111111110, sa_flags=SA_RESTART|SA_SIGINFO
SIGXFSZ: [libjvm.so+0x8b3bc0], sa_mask[0]=11111111011111111101111111111110, sa_flags=SA_RESTART|SA_SIGINFO
SIGILL: [libjvm.so+0x8b3bc0], sa_mask[0]=11111111011111111101111111111110, sa_flags=SA_RESTART|SA_SIGINFO
SIGUSR1: SIG_DFL, sa_mask[0]=00000000000000000000000000000000, sa_flags=none
SIGUSR2: [libjvm.so+0x8b3a70], sa_mask[0]=00100000000000000000000000000000, sa_flags=SA_RESTART|SA_SIGINFO
SIGHUP: [libjvm.so+0x8b3f40], sa_mask[0]=11111111011111111101111111111110, sa_flags=SA_RESTART|SA_SIGINFO
SIGINT: [libjvm.so+0x8b3f40], sa_mask[0]=11111111011111111101111111111110, sa_flags=SA_RESTART|SA_SIGINFO
SIGTERM: [libjvm.so+0x8b3f40], sa_mask[0]=11111111011111111101111111111110, sa_flags=SA_RESTART|SA_SIGINFO
SIGQUIT: [libjvm.so+0x8b3f40], sa_mask[0]=11111111011111111101111111111110, sa_flags=SA_RESTART|SA_SIGINFO


---------------  S Y S T E M  ---------------

OS:DISTRIB_ID=Ubuntu
DISTRIB_RELEASE=16.04
DISTRIB_CODENAME=xenial
DISTRIB_DESCRIPTION="Ubuntu 16.04.2 LTS"

uname:Linux 4.4.0-96-generic #119-Ubuntu SMP Tue Sep 12 14:59:54 UTC 2017 x86_64
libc:glibc 2.23 NPTL 2.23 
rlimit: STACK 8192k, CORE 0k, NPROC 15356, NOFILE 1048576, AS infinity
load average:10,73 5,08 2,62

/proc/meminfo:
MemTotal:        3971752 kB
MemFree:          108140 kB
MemAvailable:      14492 kB
Buffers:             364 kB
Cached:            97940 kB
SwapCached:          976 kB
Active:          2824276 kB
Inactive:         828788 kB
Active(anon):    2815668 kB
Inactive(anon):   820344 kB
Active(file):       8608 kB
Inactive(file):     8444 kB
Unevictable:        1064 kB
Mlocked:            1064 kB
SwapTotal:       2083836 kB
SwapFree:              0 kB
Dirty:                40 kB
Writeback:             0 kB
AnonPages:       3555596 kB
Mapped:            22076 kB
Shmem:             80912 kB
Slab:              85904 kB
SReclaimable:      40648 kB
SUnreclaim:        45256 kB
KernelStack:       12896 kB
PageTables:        52856 kB
NFS_Unstable:          0 kB
Bounce:                0 kB
WritebackTmp:          0 kB
CommitLimit:     4069712 kB
Committed_AS:   11558728 kB
VmallocTotal:   34359738367 kB
VmallocUsed:           0 kB
VmallocChunk:          0 kB
HardwareCorrupted:     0 kB
AnonHugePages:   1726464 kB
CmaTotal:              0 kB
CmaFree:               0 kB
HugePages_Total:       0
HugePages_Free:        0
HugePages_Rsvd:        0
HugePages_Surp:        0
Hugepagesize:       2048 kB
DirectMap4k:      218880 kB
DirectMap2M:     3901440 kB
DirectMap1G:     1048576 kB


CPU:total 4 (initial active 4) (2 cores per cpu, 2 threads per core) family 6 model 69 stepping 1, cmov, cx8, fxsr, mmx, sse, sse2, sse3, ssse3, sse4.1, sse4.2, popcnt, avx, avx2, aes, clmul, erms, lzcnt, ht, tsc, tscinvbit, bmi1, bmi2

/proc/cpuinfo:
processor	: 0
vendor_id	: GenuineIntel
cpu family	: 6
model		: 69
model name	: Intel(R) Core(TM) i3-4005U CPU @ 1.70GHz
stepping	: 1
microcode	: 0x1c
cpu MHz		: 1700.000
cache size	: 3072 KB
physical id	: 0
siblings	: 4
core id		: 0
cpu cores	: 2
apicid		: 0
initial apicid	: 0
fpu		: yes
fpu_exception	: yes
cpuid level	: 13
wp		: yes
flags		: fpu vme de pse tsc msr pae mce cx8 apic sep mtrr pge mca cmov pat pse36 clflush dts acpi mmx fxsr sse sse2 ss ht tm pbe syscall nx pdpe1gb rdtscp lm constant_tsc arch_perfmon pebs bts rep_good nopl xtopology nonstop_tsc aperfmperf eagerfpu pni pclmulqdq dtes64 monitor ds_cpl vmx est tm2 ssse3 sdbg fma cx16 xtpr pdcm pcid sse4_1 sse4_2 movbe popcnt tsc_deadline_timer aes xsave avx f16c rdrand lahf_lm abm epb tpr_shadow vnmi flexpriority ept vpid fsgsbase tsc_adjust bmi1 avx2 smep bmi2 erms invpcid xsaveopt dtherm ida arat pln pts
bugs		:
bogomips	: 3392.22
clflush size	: 64
cache_alignment	: 64
address sizes	: 39 bits physical, 48 bits virtual
power management:

processor	: 1
vendor_id	: GenuineIntel
cpu family	: 6
model		: 69
model name	: Intel(R) Core(TM) i3-4005U CPU @ 1.70GHz
stepping	: 1
microcode	: 0x1c
cpu MHz		: 1700.000
cache size	: 3072 KB
physical id	: 0
siblings	: 4
core id		: 0
cpu cores	: 2
apicid		: 1
initial apicid	: 1
fpu		: yes
fpu_exception	: yes
cpuid level	: 13
wp		: yes
flags		: fpu vme de pse tsc msr pae mce cx8 apic sep mtrr pge mca cmov pat pse36 clflush dts acpi mmx fxsr sse sse2 ss ht tm pbe syscall nx pdpe1gb rdtscp lm constant_tsc arch_perfmon pebs bts rep_good nopl xtopology nonstop_tsc aperfmperf eagerfpu pni pclmulqdq dtes64 monitor ds_cpl vmx est tm2 ssse3 sdbg fma cx16 xtpr pdcm pcid sse4_1 sse4_2 movbe popcnt tsc_deadline_timer aes xsave avx f16c rdrand lahf_lm abm epb tpr_shadow vnmi flexpriority ept vpid fsgsbase tsc_adjust bmi1 avx2 smep bmi2 erms invpcid xsaveopt dtherm ida arat pln pts
bugs		:
bogomips	: 3392.22
clflush size	: 64
cache_alignment	: 64
address sizes	: 39 bits physical, 48 bits virtual
power management:

processor	: 2
vendor_id	: GenuineIntel
cpu family	: 6
model		: 69
model name	: Intel(R) Core(TM) i3-4005U CPU @ 1.70GHz
stepping	: 1
microcode	: 0x1c
cpu MHz		: 1700.000
cache size	: 3072 KB
physical id	: 0
siblings	: 4
core id		: 1
cpu cores	: 2
apicid		: 2
initial apicid	: 2
fpu		: yes
fpu_exception	: yes
cpuid level	: 13
wp		: yes
flags		: fpu vme de pse tsc msr pae mce cx8 apic sep mtrr pge mca cmov pat pse36 clflush dts acpi mmx fxsr sse sse2 ss ht tm pbe syscall nx pdpe1gb rdtscp lm constant_tsc arch_perfmon pebs bts rep_good nopl xtopology nonstop_tsc aperfmperf eagerfpu pni pclmulqdq dtes64 monitor ds_cpl vmx est tm2 ssse3 sdbg fma cx16 xtpr pdcm pcid sse4_1 sse4_2 movbe popcnt tsc_deadline_timer aes xsave avx f16c rdrand lahf_lm abm epb tpr_shadow vnmi flexpriority ept vpid fsgsbase tsc_adjust bmi1 avx2 smep bmi2 erms invpcid xsaveopt dtherm ida arat pln pts
bugs		:
bogomips	: 3392.22
clflush size	: 64
cache_alignment	: 64
address sizes	: 39 bits physical, 48 bits virtual
power management:

processor	: 3
vendor_id	: GenuineIntel
cpu family	: 6
model		: 69
model name	: Intel(R) Core(TM) i3-4005U CPU @ 1.70GHz
stepping	: 1
microcode	: 0x1c
cpu MHz		: 1700.000
cache size	: 3072 KB
physical id	: 0
siblings	: 4
core id		: 1
cpu cores	: 2
apicid		: 3
initial apicid	: 3
fpu		: yes
fpu_exception	: yes
cpuid level	: 13
wp		: yes
flags		: fpu vme de pse tsc msr pae mce cx8 apic sep mtrr pge mca cmov pat pse36 clflush dts acpi mmx fxsr sse sse2 ss ht tm pbe syscall nx pdpe1gb rdtscp lm constant_tsc arch_perfmon pebs bts rep_good nopl xtopology nonstop_tsc aperfmperf eagerfpu pni pclmulqdq dtes64 monitor ds_cpl vmx est tm2 ssse3 sdbg fma cx16 xtpr pdcm pcid sse4_1 sse4_2 movbe popcnt tsc_deadline_timer aes xsave avx f16c rdrand lahf_lm abm epb tpr_shadow vnmi flexpriority ept vpid fsgsbase tsc_adjust bmi1 avx2 smep bmi2 erms invpcid xsaveopt dtherm ida arat pln pts
bugs		:
bogomips	: 3392.22
clflush size	: 64
cache_alignment	: 64
address sizes	: 39 bits physical, 48 bits virtual
power management:



Memory: 4k page, physical 3971752k(107836k free), swap 2083836k(0k free)

vm_info: OpenJDK 64-Bit Server VM (25.131-b11) for linux-amd64 JRE (1.8.0_131-8u131-b11-2ubuntu1.16.04.3-b11), built on Jul 28 2017 01:23:32 by "buildd" with gcc 5.4.0 20160609

time: Thu Sep 28 19:42:26 2017
elapsed time: 60 seconds (0d 0h 1m 0s)

