#
# There is insufficient memory for the Java Runtime Environment to continue.
# Native memory allocation (mmap) failed to map 77594624 bytes for committing reserved memory.
# Possible reasons:
#   The system is out of physical RAM or swap space
#   In 32 bit mode, the process size limit was hit
# Possible solutions:
#   Reduce memory load on the system
#   Increase physical memory or swap space
#   Check if swap backing store is full
#   Use 64 bit Java on a 64 bit OS
#   Decrease Java heap size (-Xmx/-Xms)
#   Decrease number of Java threads
#   Decrease Java thread stack sizes (-Xss)
#   Set larger code cache with -XX:ReservedCodeCacheSize=
# This output file may be truncated or incomplete.
#
#  Out of Memory Error (os_linux.cpp:2643), pid=16854, tid=0x00007fa20458a700
#
# JRE version: OpenJDK Runtime Environment (8.0_131-b11) (build 1.8.0_131-8u131-b11-2ubuntu1.16.04.3-b11)
# Java VM: OpenJDK 64-Bit Server VM (25.131-b11 mixed mode linux-amd64 compressed oops)
# Failed to write core dump. Core dumps have been disabled. To enable core dumping, try "ulimit -c unlimited" before starting Java again
#

---------------  T H R E A D  ---------------

Current thread (0x00007fa218140000):  VMThread [stack: 0x00007fa20448a000,0x00007fa20458b000] [id=16865]

Stack: [0x00007fa20448a000,0x00007fa20458b000],  sp=0x00007fa204589480,  free space=1021k
Native frames: (J=compiled Java code, j=interpreted, Vv=VM code, C=native code)
V  [libjvm.so+0xa6a1bb]
V  [libjvm.so+0x4c5a6c]
V  [libjvm.so+0x8b85a0]
V  [libjvm.so+0x8b2a1e]
V  [libjvm.so+0x92d556]
V  [libjvm.so+0x91cbba]
V  [libjvm.so+0x91cdc3]
V  [libjvm.so+0x91d728]
V  [libjvm.so+0x9239ee]
V  [libjvm.so+0x92b3bd]
V  [libjvm.so+0x8dd093]
V  [libjvm.so+0xa6be72]
V  [libjvm.so+0xa70f57]
V  [libjvm.so+0xa6e727]
V  [libjvm.so+0xa6fbaf]
V  [libjvm.so+0xa700a1]
V  [libjvm.so+0x8b5a82]

VM_Operation (0x00007fa21f287710): ParallelGCFailedAllocation, mode: safepoint, requested by thread 0x00007fa21800b800


---------------  P R O C E S S  ---------------

Java Threads: ( => current thread )
  0x00007fa218258000 JavaThread "Service Thread" daemon [_thread_blocked, id=16882, stack(0x00007fa1ec706000,0x00007fa1ec807000)]
  0x00007fa21824b000 JavaThread "C1 CompilerThread2" daemon [_thread_blocked, id=16881, stack(0x00007fa1ec807000,0x00007fa1ec908000)]
  0x00007fa218246800 JavaThread "C2 CompilerThread1" daemon [_thread_blocked, id=16880, stack(0x00007fa1ec908000,0x00007fa1eca09000)]
  0x00007fa218244800 JavaThread "C2 CompilerThread0" daemon [_thread_blocked, id=16879, stack(0x00007fa1efc22000,0x00007fa1efd23000)]
  0x00007fa218243000 JavaThread "Monitor Ctrl-Break" daemon [_thread_in_native, id=16878, stack(0x00007fa20403a000,0x00007fa20413b000)]
  0x00007fa218174000 JavaThread "Signal Dispatcher" daemon [_thread_blocked, id=16871, stack(0x00007fa204187000,0x00007fa204288000)]
  0x00007fa21814c000 JavaThread "Finalizer" daemon [_thread_blocked, id=16867, stack(0x00007fa204288000,0x00007fa204389000)]
  0x00007fa218147800 JavaThread "Reference Handler" daemon [_thread_blocked, id=16866, stack(0x00007fa204389000,0x00007fa20448a000)]
  0x00007fa21800b800 JavaThread "main" [_thread_blocked, id=16855, stack(0x00007fa21f188000,0x00007fa21f289000)]

Other Threads:
=>0x00007fa218140000 VMThread [stack: 0x00007fa20448a000,0x00007fa20458b000] [id=16865]
  0x00007fa21825a800 WatcherThread [stack: 0x00007fa1ec605000,0x00007fa1ec706000] [id=16883]

VM state:at safepoint (normal execution)

VM Mutex/Monitor currently owned by a thread:  ([mutex/lock_event])
[0x00007fa218007620] ExpandHeap_lock - owner thread: 0x00007fa218140000
[0x00007fa218007ca0] Threads_lock - owner thread: 0x00007fa218140000
[0x00007fa2180081a0] Heap_lock - owner thread: 0x00007fa21800b800

Heap:
 PSYoungGen      total 220672K, used 15243K [0x00000000ebd00000, 0x0000000100000000, 0x0000000100000000)
  eden space 110592K, 0% used [0x00000000ebd00000,0x00000000ebd00000,0x00000000f2900000)
  from space 110080K, 13% used [0x00000000f9480000,0x00000000fa362c50,0x0000000100000000)
  to   space 110080K, 0% used [0x00000000f2900000,0x00000000f2900000,0x00000000f9480000)
 ParOldGen       total 586752K, used 586397K [0x00000000c3600000, 0x00000000e7300000, 0x00000000ebd00000)
  object space 586752K, 99% used [0x00000000c3600000,0x00000000e72a7478,0x00000000e7300000)
 Metaspace       used 3251K, capacity 4564K, committed 4864K, reserved 1056768K
  class space    used 344K, capacity 388K, committed 512K, reserved 1048576K

Card table byte_map: [0x00007fa208433000,0x00007fa208619000] byte_map_base: 0x00007fa207e18000

Marking Bits: (ParMarkBitMap*) 0x00007fa21e4592c0
 Begin Bits: [0x00007fa20609b000, 0x00007fa206fc3000)
 End Bits:   [0x00007fa206fc3000, 0x00007fa207eeb000)

Polling page: 0x00007fa21f2ab000

CodeCache: size=245760Kb used=1309Kb max_used=1322Kb free=244450Kb
 bounds [0x00007fa2089d9000, 0x00007fa208c49000, 0x00007fa2179d9000]
 total_blobs=345 nmethods=99 adapters=162
 compilation: enabled

Compilation events (10 events):
Event: 0,788 Thread 0x00007fa218246800 nmethod 88 0x00007fa208b121d0 code [0x00007fa208b12340, 0x00007fa208b12798]
Event: 0,788 Thread 0x00007fa218246800   87       4       java.util.Arrays::copyOf (46 bytes)
Event: 0,797 Thread 0x00007fa218246800 nmethod 87 0x00007fa208b0f690 code [0x00007fa208b0f7e0, 0x00007fa208b0f9f8]
Event: 0,830 Thread 0x00007fa218244800 nmethod 84 0x00007fa208b1a590 code [0x00007fa208b1a860, 0x00007fa208b1c898]
Event: 0,857 Thread 0x00007fa21824b000   97 % !   3       MatriceBinaire::readMUTFile @ 37 (189 bytes)
Event: 0,862 Thread 0x00007fa21824b000 nmethod 97% 0x00007fa208b1e4d0 code [0x00007fa208b1e940, 0x00007fa208b20f58]
Event: 0,862 Thread 0x00007fa21824b000   98   !   3       MatriceBinaire::readMUTFile (189 bytes)
Event: 0,865 Thread 0x00007fa21824b000 nmethod 98 0x00007fa208b22b90 code [0x00007fa208b22fe0, 0x00007fa208b254b8]
Event: 0,975 Thread 0x00007fa218246800   99 % !   4       MatriceBinaire::readMUTFile @ 37 (189 bytes)
Event: 3,011 Thread 0x00007fa218246800 nmethod 99% 0x00007fa208b17310 code [0x00007fa208b174e0, 0x00007fa208b17e38]

GC Heap History (10 events):
Event: 20,433 GC heap after
Heap after GC invocations=17 (full 4):
 PSYoungGen      total 199168K, used 58944K [0x00000000ebd00000, 0x0000000100000000, 0x0000000100000000)
  eden space 89088K, 0% used [0x00000000ebd00000,0x00000000ebd00000,0x00000000f1400000)
  from space 110080K, 53% used [0x00000000f1400000,0x00000000f4d90000,0x00000000f7f80000)
  to   space 110080K, 0% used [0x00000000f9480000,0x00000000f9480000,0x0000000100000000)
 ParOldGen       total 399872K, used 343724K [0x00000000c3600000, 0x00000000dbc80000, 0x00000000ebd00000)
  object space 399872K, 85% used [0x00000000c3600000,0x00000000d85ab3a0,0x00000000dbc80000)
 Metaspace       used 3251K, capacity 4564K, committed 4864K, reserved 1056768K
  class space    used 344K, capacity 388K, committed 512K, reserved 1048576K
}
Event: 20,433 GC heap before
{Heap before GC invocations=18 (full 5):
 PSYoungGen      total 199168K, used 58944K [0x00000000ebd00000, 0x0000000100000000, 0x0000000100000000)
  eden space 89088K, 0% used [0x00000000ebd00000,0x00000000ebd00000,0x00000000f1400000)
  from space 110080K, 53% used [0x00000000f1400000,0x00000000f4d90000,0x00000000f7f80000)
  to   space 110080K, 0% used [0x00000000f9480000,0x00000000f9480000,0x0000000100000000)
 ParOldGen       total 399872K, used 343724K [0x00000000c3600000, 0x00000000dbc80000, 0x00000000ebd00000)
  object space 399872K, 85% used [0x00000000c3600000,0x00000000d85ab3a0,0x00000000dbc80000)
 Metaspace       used 3251K, capacity 4564K, committed 4864K, reserved 1056768K
  class space    used 344K, capacity 388K, committed 512K, reserved 1048576K
Event: 28,202 GC heap after
Heap after GC invocations=18 (full 5):
 PSYoungGen      total 199168K, used 2584K [0x00000000ebd00000, 0x0000000100000000, 0x0000000100000000)
  eden space 89088K, 0% used [0x00000000ebd00000,0x00000000ebd00000,0x00000000f1400000)
  from space 110080K, 2% used [0x00000000f1400000,0x00000000f16861a0,0x00000000f7f80000)
  to   space 110080K, 0% used [0x00000000f9480000,0x00000000f9480000,0x0000000100000000)
 ParOldGen       total 586752K, used 399684K [0x00000000c3600000, 0x00000000e7300000, 0x00000000ebd00000)
  object space 586752K, 68% used [0x00000000c3600000,0x00000000dbc51258,0x00000000e7300000)
 Metaspace       used 3251K, capacity 4564K, committed 4864K, reserved 1056768K
  class space    used 344K, capacity 388K, committed 512K, reserved 1048576K
}
Event: 28,403 GC heap before
{Heap before GC invocations=19 (full 5):
 PSYoungGen      total 199168K, used 91672K [0x00000000ebd00000, 0x0000000100000000, 0x0000000100000000)
  eden space 89088K, 100% used [0x00000000ebd00000,0x00000000f1400000,0x00000000f1400000)
  from space 110080K, 2% used [0x00000000f1400000,0x00000000f16861a0,0x00000000f7f80000)
  to   space 110080K, 0% used [0x00000000f9480000,0x00000000f9480000,0x0000000100000000)
 ParOldGen       total 586752K, used 399684K [0x00000000c3600000, 0x00000000e7300000, 0x00000000ebd00000)
  object space 586752K, 68% used [0x00000000c3600000,0x00000000dbc51258,0x00000000e7300000)
 Metaspace       used 3251K, capacity 4564K, committed 4864K, reserved 1056768K
  class space    used 344K, capacity 388K, committed 512K, reserved 1048576K
Event: 28,955 GC heap after
Heap after GC invocations=19 (full 5):
 PSYoungGen      total 217600K, used 58944K [0x00000000ebd00000, 0x00000000ffe80000, 0x0000000100000000)
  eden space 109056K, 0% used [0x00000000ebd00000,0x00000000ebd00000,0x00000000f2780000)
  from space 108544K, 54% used [0x00000000f9480000,0x00000000fce10000,0x00000000ffe80000)
  to   space 110080K, 0% used [0x00000000f2780000,0x00000000f2780000,0x00000000f9300000)
 ParOldGen       total 586752K, used 402292K [0x00000000c3600000, 0x00000000e7300000, 0x00000000ebd00000)
  object space 586752K, 68% used [0x00000000c3600000,0x00000000dbedd258,0x00000000e7300000)
 Metaspace       used 3251K, capacity 4564K, committed 4864K, reserved 1056768K
  class space    used 344K, capacity 388K, committed 512K, reserved 1048576K
}
Event: 29,304 GC heap before
{Heap before GC invocations=20 (full 5):
 PSYoungGen      total 217600K, used 168000K [0x00000000ebd00000, 0x00000000ffe80000, 0x0000000100000000)
  eden space 109056K, 100% used [0x00000000ebd00000,0x00000000f2780000,0x00000000f2780000)
  from space 108544K, 54% used [0x00000000f9480000,0x00000000fce10000,0x00000000ffe80000)
  to   space 110080K, 0% used [0x00000000f2780000,0x00000000f2780000,0x00000000f9300000)
 ParOldGen       total 586752K, used 402292K [0x00000000c3600000, 0x00000000e7300000, 0x00000000ebd00000)
  object space 586752K, 68% used [0x00000000c3600000,0x00000000dbedd258,0x00000000e7300000)
 Metaspace       used 3251K, capacity 4564K, committed 4864K, reserved 1056768K
  class space    used 344K, capacity 388K, committed 512K, reserved 1048576K
Event: 29,791 GC heap after
Heap after GC invocations=20 (full 5):
 PSYoungGen      total 219136K, used 75771K [0x00000000ebd00000, 0x0000000100000000, 0x0000000100000000)
  eden space 109056K, 0% used [0x00000000ebd00000,0x00000000ebd00000,0x00000000f2780000)
  from space 110080K, 68% used [0x00000000f2780000,0x00000000f717ec08,0x00000000f9300000)
  to   space 110080K, 0% used [0x00000000f9480000,0x00000000f9480000,0x0000000100000000)
 ParOldGen       total 586752K, used 461316K [0x00000000c3600000, 0x00000000e7300000, 0x00000000ebd00000)
  object space 586752K, 78% used [0x00000000c3600000,0x00000000df881258,0x00000000e7300000)
 Metaspace       used 3251K, capacity 4564K, committed 4864K, reserved 1056768K
  class space    used 344K, capacity 388K, committed 512K, reserved 1048576K
}
Event: 30,012 GC heap before
{Heap before GC invocations=21 (full 5):
 PSYoungGen      total 219136K, used 184827K [0x00000000ebd00000, 0x0000000100000000, 0x0000000100000000)
  eden space 109056K, 100% used [0x00000000ebd00000,0x00000000f2780000,0x00000000f2780000)
  from space 110080K, 68% used [0x00000000f2780000,0x00000000f717ec08,0x00000000f9300000)
  to   space 110080K, 0% used [0x00000000f9480000,0x00000000f9480000,0x0000000100000000)
 ParOldGen       total 586752K, used 461316K [0x00000000c3600000, 0x00000000e7300000, 0x00000000ebd00000)
  object space 586752K, 78% used [0x00000000c3600000,0x00000000df881258,0x00000000e7300000)
 Metaspace       used 3251K, capacity 4564K, committed 4864K, reserved 1056768K
  class space    used 344K, capacity 388K, committed 512K, reserved 1048576K
Event: 32,024 GC heap after
Heap after GC invocations=21 (full 5):
 PSYoungGen      total 220672K, used 72128K [0x00000000ebd00000, 0x0000000100000000, 0x0000000100000000)
  eden space 110592K, 0% used [0x00000000ebd00000,0x00000000ebd00000,0x00000000f2900000)
  from space 110080K, 65% used [0x00000000f9480000,0x00000000fdaf0000,0x0000000100000000)
  to   space 110080K, 0% used [0x00000000f2900000,0x00000000f2900000,0x00000000f9480000)
 ParOldGen       total 586752K, used 537175K [0x00000000c3600000, 0x00000000e7300000, 0x00000000ebd00000)
  object space 586752K, 91% used [0x00000000c3600000,0x00000000e4295e60,0x00000000e7300000)
 Metaspace       used 3251K, capacity 4564K, committed 4864K, reserved 1056768K
  class space    used 344K, capacity 388K, committed 512K, reserved 1048576K
}
Event: 32,024 GC heap before
{Heap before GC invocations=22 (full 6):
 PSYoungGen      total 220672K, used 72128K [0x00000000ebd00000, 0x0000000100000000, 0x0000000100000000)
  eden space 110592K, 0% used [0x00000000ebd00000,0x00000000ebd00000,0x00000000f2900000)
  from space 110080K, 65% used [0x00000000f9480000,0x00000000fdaf0000,0x0000000100000000)
  to   space 110080K, 0% used [0x00000000f2900000,0x00000000f2900000,0x00000000f9480000)
 ParOldGen       total 586752K, used 537175K [0x00000000c3600000, 0x00000000e7300000, 0x00000000ebd00000)
  object space 586752K, 91% used [0x00000000c3600000,0x00000000e4295e60,0x00000000e7300000)
 Metaspace       used 3251K, capacity 4564K, committed 4864K, reserved 1056768K
  class space    used 344K, capacity 388K, committed 512K, reserved 1048576K

Deoptimization events (5 events):
Event: 0,448 Thread 0x00007fa21800b800 Uncommon trap: reason=predicate action=maybe_recompile pc=0x00007fa208b0e7e8 method=java.util.AbstractCollection.toArray([Ljava/lang/Object;)[Ljava/lang/Object; @ 49
Event: 0,557 Thread 0x00007fa21800b800 Uncommon trap: reason=array_check action=maybe_recompile pc=0x00007fa208b10860 method=java.util.AbstractCollection.toArray([Ljava/lang/Object;)[Ljava/lang/Object; @ 119
Event: 0,565 Thread 0x00007fa21800b800 Uncommon trap: reason=array_check action=maybe_recompile pc=0x00007fa208b10860 method=java.util.AbstractCollection.toArray([Ljava/lang/Object;)[Ljava/lang/Object; @ 119
Event: 0,565 Thread 0x00007fa21800b800 Uncommon trap: reason=array_check action=maybe_recompile pc=0x00007fa208b10860 method=java.util.AbstractCollection.toArray([Ljava/lang/Object;)[Ljava/lang/Object; @ 119
Event: 0,565 Thread 0x00007fa21800b800 Uncommon trap: reason=array_check action=maybe_recompile pc=0x00007fa208b10860 method=java.util.AbstractCollection.toArray([Ljava/lang/Object;)[Ljava/lang/Object; @ 119

Internal exceptions (2 events):
Event: 0,096 Thread 0x00007fa21800b800 Exception <a 'java/lang/NoSuchMethodError': Method sun.misc.Unsafe.defineClass(Ljava/lang/String;[BII)Ljava/lang/Class; name or signature does not match> (0x00000000ebd07ca8) thrown at [/build/openjdk-8-pZyJp3/openjdk-8-8u131-b11/src/hotspot/src/share/vm/
Event: 0,096 Thread 0x00007fa21800b800 Exception <a 'java/lang/NoSuchMethodError': Method sun.misc.Unsafe.prefetchRead(Ljava/lang/Object;J)V name or signature does not match> (0x00000000ebd07f90) thrown at [/build/openjdk-8-pZyJp3/openjdk-8-8u131-b11/src/hotspot/src/share/vm/prims/jni.cpp, lin

Events (10 events):
Event: 13,180 Executing VM operation: ParallelGCFailedAllocation done
Event: 13,331 Executing VM operation: ParallelGCFailedAllocation
Event: 19,211 Executing VM operation: ParallelGCFailedAllocation done
Event: 19,552 Executing VM operation: ParallelGCFailedAllocation
Event: 28,203 Executing VM operation: ParallelGCFailedAllocation done
Event: 28,403 Executing VM operation: ParallelGCFailedAllocation
Event: 28,955 Executing VM operation: ParallelGCFailedAllocation done
Event: 29,303 Executing VM operation: ParallelGCFailedAllocation
Event: 29,791 Executing VM operation: ParallelGCFailedAllocation done
Event: 30,012 Executing VM operation: ParallelGCFailedAllocation


Dynamic libraries:
00400000-00401000 r-xp 00000000 08:06 2498868                            /usr/lib/jvm/java-8-openjdk-amd64/jre/bin/java
00600000-00601000 r--p 00000000 08:06 2498868                            /usr/lib/jvm/java-8-openjdk-amd64/jre/bin/java
00601000-00602000 rw-p 00001000 08:06 2498868                            /usr/lib/jvm/java-8-openjdk-amd64/jre/bin/java
013b5000-013d6000 rw-p 00000000 00:00 0                                  [heap]
c3600000-e7300000 rw-p 00000000 00:00 0 
ebd00000-100000000 rw-p 00000000 00:00 0 
100000000-100080000 rw-p 00000000 00:00 0 
100080000-140000000 ---p 00000000 00:00 0 
7fa1c4000000-7fa1c4021000 rw-p 00000000 00:00 0 
7fa1c4021000-7fa1c8000000 ---p 00000000 00:00 0 
7fa1cc000000-7fa1cc097000 rw-p 00000000 00:00 0 
7fa1cc097000-7fa1d0000000 ---p 00000000 00:00 0 
7fa1d0000000-7fa1d0021000 rw-p 00000000 00:00 0 
7fa1d0021000-7fa1d4000000 ---p 00000000 00:00 0 
7fa1d4000000-7fa1d42f8000 rw-p 00000000 00:00 0 
7fa1d42f8000-7fa1d8000000 ---p 00000000 00:00 0 
7fa1d8000000-7fa1d8255000 rw-p 00000000 00:00 0 
7fa1d8255000-7fa1dc000000 ---p 00000000 00:00 0 
7fa1dc000000-7fa1dc021000 rw-p 00000000 00:00 0 
7fa1dc021000-7fa1e0000000 ---p 00000000 00:00 0 
7fa1e0000000-7fa1e0021000 rw-p 00000000 00:00 0 
7fa1e0021000-7fa1e4000000 ---p 00000000 00:00 0 
7fa1e4000000-7fa1e4021000 rw-p 00000000 00:00 0 
7fa1e4021000-7fa1e8000000 ---p 00000000 00:00 0 
7fa1e8000000-7fa1e8021000 rw-p 00000000 00:00 0 
7fa1e8021000-7fa1ec000000 ---p 00000000 00:00 0 
7fa1ec605000-7fa1ec606000 ---p 00000000 00:00 0 
7fa1ec606000-7fa1ec706000 rw-p 00000000 00:00 0 
7fa1ec706000-7fa1ec709000 ---p 00000000 00:00 0 
7fa1ec709000-7fa1ec807000 rw-p 00000000 00:00 0 
7fa1ec807000-7fa1ec80a000 ---p 00000000 00:00 0 
7fa1ec80a000-7fa1ec908000 rw-p 00000000 00:00 0 
7fa1ec908000-7fa1ec90b000 ---p 00000000 00:00 0 
7fa1ec90b000-7fa1efa0a000 rw-p 00000000 00:00 0 
7fa1efa0a000-7fa1efa21000 r-xp 00000000 08:06 2498675                    /usr/lib/jvm/java-8-openjdk-amd64/jre/lib/amd64/libnet.so
7fa1efa21000-7fa1efc20000 ---p 00017000 08:06 2498675                    /usr/lib/jvm/java-8-openjdk-amd64/jre/lib/amd64/libnet.so
7fa1efc20000-7fa1efc21000 r--p 00016000 08:06 2498675                    /usr/lib/jvm/java-8-openjdk-amd64/jre/lib/amd64/libnet.so
7fa1efc21000-7fa1efc22000 rw-p 00017000 08:06 2498675                    /usr/lib/jvm/java-8-openjdk-amd64/jre/lib/amd64/libnet.so
7fa1efc22000-7fa1efc25000 ---p 00000000 00:00 0 
7fa1efc25000-7fa1efd23000 rw-p 00000000 00:00 0 
7fa1efd23000-7fa1f0000000 r--p 00000000 08:06 2484155                    /usr/lib/locale/locale-archive
7fa1f0000000-7fa1f00ae000 rw-p 00000000 00:00 0 
7fa1f00ae000-7fa1f4000000 ---p 00000000 00:00 0 
7fa1f4000000-7fa1f4021000 rw-p 00000000 00:00 0 
7fa1f4021000-7fa1f8000000 ---p 00000000 00:00 0 
7fa1f8000000-7fa1f81e2000 rw-p 00000000 00:00 0 
7fa1f81e2000-7fa1fc000000 ---p 00000000 00:00 0 
7fa1fc000000-7fa1fc021000 rw-p 00000000 00:00 0 
7fa1fc021000-7fa200000000 ---p 00000000 00:00 0 
7fa200000000-7fa2002a8000 rw-p 00000000 00:00 0 
7fa2002a8000-7fa204000000 ---p 00000000 00:00 0 
7fa20400d000-7fa204014000 r--s 00000000 08:06 2644501                    /usr/lib/x86_64-linux-gnu/gconv/gconv-modules.cache
7fa204014000-7fa20403a000 r--p 00000000 08:06 3020683                    /usr/share/locale-langpack/fr/LC_MESSAGES/libc.mo
7fa20403a000-7fa20403d000 ---p 00000000 00:00 0 
7fa20403d000-7fa20413b000 rw-p 00000000 00:00 0 
7fa20413b000-7fa20413d000 r--s 0001a000 08:06 2780882                    /home/persol/.local/share/JetBrains/Toolbox/apps/IDEA-U/ch-0/172.4343.14/lib/idea_rt.jar
7fa20413d000-7fa204150000 r--s 00346000 08:06 2498798                    /usr/lib/jvm/java-8-openjdk-amd64/jre/lib/resources.jar
7fa204150000-7fa204151000 r--s 00000000 08:06 2498830                    /usr/lib/jvm/java-8-openjdk-amd64/jre/lib/management-agent.jar
7fa204151000-7fa20416c000 r--s 00394000 08:06 2490396                    /usr/lib/jvm/java-8-openjdk-amd64/jre/lib/ext/cldrdata.jar
7fa20416c000-7fa204187000 r--s 001d6000 08:06 2496663                    /usr/lib/jvm/java-8-openjdk-amd64/jre/lib/ext/nashorn.jar
7fa204187000-7fa20418a000 ---p 00000000 00:00 0 
7fa20418a000-7fa204288000 rw-p 00000000 00:00 0 
7fa204288000-7fa20428b000 ---p 00000000 00:00 0 
7fa20428b000-7fa204389000 rw-p 00000000 00:00 0 
7fa204389000-7fa20438c000 ---p 00000000 00:00 0 
7fa20438c000-7fa20448a000 rw-p 00000000 00:00 0 
7fa20448a000-7fa20448b000 ---p 00000000 00:00 0 
7fa20448b000-7fa2054e8000 rw-p 00000000 00:00 0 
7fa2054e8000-7fa2056b6000 r--s 03c13000 08:06 2490371                    /usr/lib/jvm/java-8-openjdk-amd64/jre/lib/rt.jar
7fa2056b6000-7fa205af6000 rw-p 00000000 00:00 0 
7fa205af6000-7fa205eb6000 ---p 00000000 00:00 0 
7fa205eb6000-7fa207eeb000 rw-p 00000000 00:00 0 
7fa207eeb000-7fa207eec000 ---p 00000000 00:00 0 
7fa207eec000-7fa207fec000 rw-p 00000000 00:00 0 
7fa207fec000-7fa207fed000 ---p 00000000 00:00 0 
7fa207fed000-7fa2080ed000 rw-p 00000000 00:00 0 
7fa2080ed000-7fa2080ee000 ---p 00000000 00:00 0 
7fa2080ee000-7fa2081ee000 rw-p 00000000 00:00 0 
7fa2081ee000-7fa2081ef000 ---p 00000000 00:00 0 
7fa2081ef000-7fa20840e000 rw-p 00000000 00:00 0 
7fa20840e000-7fa208433000 ---p 00000000 00:00 0 
7fa208433000-7fa208552000 rw-p 00000000 00:00 0 
7fa208552000-7fa208576000 ---p 00000000 00:00 0 
7fa208576000-7fa208618000 rw-p 00000000 00:00 0 
7fa208618000-7fa208623000 rw-p 00000000 00:00 0 
7fa208623000-7fa2089d9000 ---p 00000000 00:00 0 
7fa2089d9000-7fa208c49000 rwxp 00000000 00:00 0 
7fa208c49000-7fa2179d9000 ---p 00000000 00:00 0 
7fa2179d9000-7fa2179e1000 r-xp 00000000 08:06 2496690                    /usr/lib/jvm/java-8-openjdk-amd64/jre/lib/amd64/libzip.so
7fa2179e1000-7fa217be0000 ---p 00008000 08:06 2496690                    /usr/lib/jvm/java-8-openjdk-amd64/jre/lib/amd64/libzip.so
7fa217be0000-7fa217be1000 r--p 00007000 08:06 2496690                    /usr/lib/jvm/java-8-openjdk-amd64/jre/lib/amd64/libzip.so
7fa217be1000-7fa217be2000 rw-p 00008000 08:06 2496690                    /usr/lib/jvm/java-8-openjdk-amd64/jre/lib/amd64/libzip.so
7fa217be2000-7fa217bed000 r-xp 00000000 08:06 1180255                    /lib/x86_64-linux-gnu/libnss_files-2.23.so
7fa217bed000-7fa217dec000 ---p 0000b000 08:06 1180255                    /lib/x86_64-linux-gnu/libnss_files-2.23.so
7fa217dec000-7fa217ded000 r--p 0000a000 08:06 1180255                    /lib/x86_64-linux-gnu/libnss_files-2.23.so
7fa217ded000-7fa217dee000 rw-p 0000b000 08:06 1180255                    /lib/x86_64-linux-gnu/libnss_files-2.23.so
7fa217dee000-7fa217df4000 rw-p 00000000 00:00 0 
7fa217df4000-7fa217dff000 r-xp 00000000 08:06 1197231                    /lib/x86_64-linux-gnu/libnss_nis-2.23.so
7fa217dff000-7fa217ffe000 ---p 0000b000 08:06 1197231                    /lib/x86_64-linux-gnu/libnss_nis-2.23.so
7fa217ffe000-7fa217fff000 r--p 0000a000 08:06 1197231                    /lib/x86_64-linux-gnu/libnss_nis-2.23.so
7fa217fff000-7fa218000000 rw-p 0000b000 08:06 1197231                    /lib/x86_64-linux-gnu/libnss_nis-2.23.so
7fa218000000-7fa218263000 rw-p 00000000 00:00 0 
7fa218263000-7fa21c000000 ---p 00000000 00:00 0 
7fa21c000000-7fa21c005000 r--s 0009a000 08:06 2496678                    /usr/lib/jvm/java-8-openjdk-amd64/jre/lib/jsse.jar
7fa21c005000-7fa21c008000 r--s 00015000 08:06 2498842                    /usr/lib/jvm/java-8-openjdk-amd64/jre/lib/jce.jar
7fa21c008000-7fa21c00d000 r--s 002f9000 08:06 2498806                    /usr/lib/jvm/java-8-openjdk-amd64/jre/lib/charsets.jar
7fa21c00d000-7fa21c011000 r--s 00037000 08:06 2496667                    /usr/lib/jvm/java-8-openjdk-amd64/jre/lib/ext/sunpkcs11.jar
7fa21c011000-7fa21c013000 r--s 00008000 08:06 2496676                    /usr/lib/jvm/java-8-openjdk-amd64/jre/lib/ext/sunec.jar
7fa21c013000-7fa21c016000 r--s 0000f000 08:06 2496675                    /usr/lib/jvm/java-8-openjdk-amd64/jre/lib/ext/icedtea-sound.jar
7fa21c016000-7fa21c020000 r--s 00116000 08:06 2496665                    /usr/lib/jvm/java-8-openjdk-amd64/jre/lib/ext/localedata.jar
7fa21c020000-7fa21c036000 r-xp 00000000 08:06 1180066                    /lib/x86_64-linux-gnu/libnsl-2.23.so
7fa21c036000-7fa21c235000 ---p 00016000 08:06 1180066                    /lib/x86_64-linux-gnu/libnsl-2.23.so
7fa21c235000-7fa21c236000 r--p 00015000 08:06 1180066                    /lib/x86_64-linux-gnu/libnsl-2.23.so
7fa21c236000-7fa21c237000 rw-p 00016000 08:06 1180066                    /lib/x86_64-linux-gnu/libnsl-2.23.so
7fa21c237000-7fa21c239000 rw-p 00000000 00:00 0 
7fa21c239000-7fa21c241000 r-xp 00000000 08:06 1197265                    /lib/x86_64-linux-gnu/libnss_compat-2.23.so
7fa21c241000-7fa21c440000 ---p 00008000 08:06 1197265                    /lib/x86_64-linux-gnu/libnss_compat-2.23.so
7fa21c440000-7fa21c441000 r--p 00007000 08:06 1197265                    /lib/x86_64-linux-gnu/libnss_compat-2.23.so
7fa21c441000-7fa21c442000 rw-p 00008000 08:06 1197265                    /lib/x86_64-linux-gnu/libnss_compat-2.23.so
7fa21c442000-7fa21c44c000 r-xp 00000000 08:06 2496679                    /usr/lib/jvm/java-8-openjdk-amd64/jre/lib/amd64/libinstrument.so
7fa21c44c000-7fa21c64b000 ---p 0000a000 08:06 2496679                    /usr/lib/jvm/java-8-openjdk-amd64/jre/lib/amd64/libinstrument.so
7fa21c64b000-7fa21c64c000 r--p 00009000 08:06 2496679                    /usr/lib/jvm/java-8-openjdk-amd64/jre/lib/amd64/libinstrument.so
7fa21c64c000-7fa21c64d000 rw-p 0000a000 08:06 2496679                    /usr/lib/jvm/java-8-openjdk-amd64/jre/lib/amd64/libinstrument.so
7fa21c64d000-7fa21c67a000 r-xp 00000000 08:06 2498778                    /usr/lib/jvm/java-8-openjdk-amd64/jre/lib/amd64/libjava.so
7fa21c67a000-7fa21c879000 ---p 0002d000 08:06 2498778                    /usr/lib/jvm/java-8-openjdk-amd64/jre/lib/amd64/libjava.so
7fa21c879000-7fa21c87a000 r--p 0002c000 08:06 2498778                    /usr/lib/jvm/java-8-openjdk-amd64/jre/lib/amd64/libjava.so
7fa21c87a000-7fa21c87c000 rw-p 0002d000 08:06 2498778                    /usr/lib/jvm/java-8-openjdk-amd64/jre/lib/amd64/libjava.so
7fa21c87c000-7fa21c88b000 r-xp 00000000 08:06 2496684                    /usr/lib/jvm/java-8-openjdk-amd64/jre/lib/amd64/libverify.so
7fa21c88b000-7fa21ca8a000 ---p 0000f000 08:06 2496684                    /usr/lib/jvm/java-8-openjdk-amd64/jre/lib/amd64/libverify.so
7fa21ca8a000-7fa21ca8c000 r--p 0000e000 08:06 2496684                    /usr/lib/jvm/java-8-openjdk-amd64/jre/lib/amd64/libverify.so
7fa21ca8c000-7fa21ca8d000 rw-p 00010000 08:06 2496684                    /usr/lib/jvm/java-8-openjdk-amd64/jre/lib/amd64/libverify.so
7fa21ca8d000-7fa21ca94000 r-xp 00000000 08:06 1197241                    /lib/x86_64-linux-gnu/librt-2.23.so
7fa21ca94000-7fa21cc93000 ---p 00007000 08:06 1197241                    /lib/x86_64-linux-gnu/librt-2.23.so
7fa21cc93000-7fa21cc94000 r--p 00006000 08:06 1197241                    /lib/x86_64-linux-gnu/librt-2.23.so
7fa21cc94000-7fa21cc95000 rw-p 00007000 08:06 1197241                    /lib/x86_64-linux-gnu/librt-2.23.so
7fa21cc95000-7fa21ccab000 r-xp 00000000 08:06 1184667                    /lib/x86_64-linux-gnu/libgcc_s.so.1
7fa21ccab000-7fa21ceaa000 ---p 00016000 08:06 1184667                    /lib/x86_64-linux-gnu/libgcc_s.so.1
7fa21ceaa000-7fa21ceab000 rw-p 00015000 08:06 1184667                    /lib/x86_64-linux-gnu/libgcc_s.so.1
7fa21ceab000-7fa21cfb3000 r-xp 00000000 08:06 1201904                    /lib/x86_64-linux-gnu/libm-2.23.so
7fa21cfb3000-7fa21d1b2000 ---p 00108000 08:06 1201904                    /lib/x86_64-linux-gnu/libm-2.23.so
7fa21d1b2000-7fa21d1b3000 r--p 00107000 08:06 1201904                    /lib/x86_64-linux-gnu/libm-2.23.so
7fa21d1b3000-7fa21d1b4000 rw-p 00108000 08:06 1201904                    /lib/x86_64-linux-gnu/libm-2.23.so
7fa21d1b4000-7fa21d326000 r-xp 00000000 08:06 2364884                    /usr/lib/x86_64-linux-gnu/libstdc++.so.6.0.21
7fa21d326000-7fa21d526000 ---p 00172000 08:06 2364884                    /usr/lib/x86_64-linux-gnu/libstdc++.so.6.0.21
7fa21d526000-7fa21d530000 r--p 00172000 08:06 2364884                    /usr/lib/x86_64-linux-gnu/libstdc++.so.6.0.21
7fa21d530000-7fa21d532000 rw-p 0017c000 08:06 2364884                    /usr/lib/x86_64-linux-gnu/libstdc++.so.6.0.21
7fa21d532000-7fa21d536000 rw-p 00000000 00:00 0 
7fa21d536000-7fa21e18a000 r-xp 00000000 08:06 2496689                    /usr/lib/jvm/java-8-openjdk-amd64/jre/lib/amd64/server/libjvm.so
7fa21e18a000-7fa21e38a000 ---p 00c54000 08:06 2496689                    /usr/lib/jvm/java-8-openjdk-amd64/jre/lib/amd64/server/libjvm.so
7fa21e38a000-7fa21e41d000 r--p 00c54000 08:06 2496689                    /usr/lib/jvm/java-8-openjdk-amd64/jre/lib/amd64/server/libjvm.so
7fa21e41d000-7fa21e446000 rw-p 00ce7000 08:06 2496689                    /usr/lib/jvm/java-8-openjdk-amd64/jre/lib/amd64/server/libjvm.so
7fa21e446000-7fa21e476000 rw-p 00000000 00:00 0 
7fa21e476000-7fa21e48e000 r-xp 00000000 08:06 1180388                    /lib/x86_64-linux-gnu/libpthread-2.23.so
7fa21e48e000-7fa21e68d000 ---p 00018000 08:06 1180388                    /lib/x86_64-linux-gnu/libpthread-2.23.so
7fa21e68d000-7fa21e68e000 r--p 00017000 08:06 1180388                    /lib/x86_64-linux-gnu/libpthread-2.23.so
7fa21e68e000-7fa21e68f000 rw-p 00018000 08:06 1180388                    /lib/x86_64-linux-gnu/libpthread-2.23.so
7fa21e68f000-7fa21e693000 rw-p 00000000 00:00 0 
7fa21e693000-7fa21e696000 r-xp 00000000 08:06 1197255                    /lib/x86_64-linux-gnu/libdl-2.23.so
7fa21e696000-7fa21e895000 ---p 00003000 08:06 1197255                    /lib/x86_64-linux-gnu/libdl-2.23.so
7fa21e895000-7fa21e896000 r--p 00002000 08:06 1197255                    /lib/x86_64-linux-gnu/libdl-2.23.so
7fa21e896000-7fa21e897000 rw-p 00003000 08:06 1197255                    /lib/x86_64-linux-gnu/libdl-2.23.so
7fa21e897000-7fa21e8b0000 r-xp 00000000 08:06 1180188                    /lib/x86_64-linux-gnu/libz.so.1.2.8
7fa21e8b0000-7fa21eaaf000 ---p 00019000 08:06 1180188                    /lib/x86_64-linux-gnu/libz.so.1.2.8
7fa21eaaf000-7fa21eab0000 r--p 00018000 08:06 1180188                    /lib/x86_64-linux-gnu/libz.so.1.2.8
7fa21eab0000-7fa21eab1000 rw-p 00019000 08:06 1180188                    /lib/x86_64-linux-gnu/libz.so.1.2.8
7fa21eab1000-7fa21ec71000 r-xp 00000000 08:06 1208958                    /lib/x86_64-linux-gnu/libc-2.23.so
7fa21ec71000-7fa21ee71000 ---p 001c0000 08:06 1208958                    /lib/x86_64-linux-gnu/libc-2.23.so
7fa21ee71000-7fa21ee75000 r--p 001c0000 08:06 1208958                    /lib/x86_64-linux-gnu/libc-2.23.so
7fa21ee75000-7fa21ee77000 rw-p 001c4000 08:06 1208958                    /lib/x86_64-linux-gnu/libc-2.23.so
7fa21ee77000-7fa21ee7b000 rw-p 00000000 00:00 0 
7fa21ee7b000-7fa21ee88000 r-xp 00000000 08:06 2496682                    /usr/lib/jvm/java-8-openjdk-amd64/jre/lib/amd64/jli/libjli.so
7fa21ee88000-7fa21f088000 ---p 0000d000 08:06 2496682                    /usr/lib/jvm/java-8-openjdk-amd64/jre/lib/amd64/jli/libjli.so
7fa21f088000-7fa21f089000 r--p 0000d000 08:06 2496682                    /usr/lib/jvm/java-8-openjdk-amd64/jre/lib/amd64/jli/libjli.so
7fa21f089000-7fa21f08a000 rw-p 0000e000 08:06 2496682                    /usr/lib/jvm/java-8-openjdk-amd64/jre/lib/amd64/jli/libjli.so
7fa21f08a000-7fa21f0b0000 r-xp 00000000 08:06 1180190                    /lib/x86_64-linux-gnu/ld-2.23.so
7fa21f0b0000-7fa21f0b1000 r--s 00010000 08:06 2496677                    /usr/lib/jvm/java-8-openjdk-amd64/jre/lib/ext/zipfs.jar
7fa21f0b1000-7fa21f0b2000 r--s 0000a000 08:06 2496671                    /usr/lib/jvm/java-8-openjdk-amd64/jre/lib/ext/jaccess.jar
7fa21f0b2000-7fa21f0b7000 r--s 0003b000 08:06 2496673                    /usr/lib/jvm/java-8-openjdk-amd64/jre/lib/ext/sunjce_provider.jar
7fa21f0b7000-7fa21f188000 rw-p 00000000 00:00 0 
7fa21f188000-7fa21f18b000 ---p 00000000 00:00 0 
7fa21f18b000-7fa21f28d000 rw-p 00000000 00:00 0 
7fa21f28d000-7fa21f28f000 r--s 00001000 08:06 2496669                    /usr/lib/jvm/java-8-openjdk-amd64/jre/lib/ext/dnsns.jar
7fa21f28f000-7fa21f2a2000 rw-p 00000000 00:00 0 
7fa21f2a2000-7fa21f2aa000 rw-s 00000000 08:06 1441860                    /tmp/hsperfdata_persol/16854
7fa21f2aa000-7fa21f2ab000 rw-p 00000000 00:00 0 
7fa21f2ab000-7fa21f2ac000 ---p 00000000 00:00 0 
7fa21f2ac000-7fa21f2af000 rw-p 00000000 00:00 0 
7fa21f2af000-7fa21f2b0000 r--p 00025000 08:06 1180190                    /lib/x86_64-linux-gnu/ld-2.23.so
7fa21f2b0000-7fa21f2b1000 rw-p 00026000 08:06 1180190                    /lib/x86_64-linux-gnu/ld-2.23.so
7fa21f2b1000-7fa21f2b2000 rw-p 00000000 00:00 0 
7fff0b917000-7fff0b939000 rw-p 00000000 00:00 0                          [stack]
7fff0b946000-7fff0b948000 r--p 00000000 00:00 0                          [vvar]
7fff0b948000-7fff0b94a000 r-xp 00000000 00:00 0                          [vdso]
ffffffffff600000-ffffffffff601000 r-xp 00000000 00:00 0                  [vsyscall]

VM Arguments:
jvm_args: -javaagent:/home/persol/.local/share/JetBrains/Toolbox/apps/IDEA-U/ch-0/172.4343.14/lib/idea_rt.jar=33478:/home/persol/.local/share/JetBrains/Toolbox/apps/IDEA-U/ch-0/172.4343.14/bin -Dfile.encoding=UTF-8 
java_command: Main
java_class_path (initial): /usr/lib/jvm/java-1.8.0-openjdk-amd64/jre/lib/charsets.jar:/usr/lib/jvm/java-1.8.0-openjdk-amd64/jre/lib/ext/cldrdata.jar:/usr/lib/jvm/java-1.8.0-openjdk-amd64/jre/lib/ext/dnsns.jar:/usr/lib/jvm/java-1.8.0-openjdk-amd64/jre/lib/ext/icedtea-sound.jar:/usr/lib/jvm/java-1.8.0-openjdk-amd64/jre/lib/ext/jaccess.jar:/usr/lib/jvm/java-1.8.0-openjdk-amd64/jre/lib/ext/localedata.jar:/usr/lib/jvm/java-1.8.0-openjdk-amd64/jre/lib/ext/nashorn.jar:/usr/lib/jvm/java-1.8.0-openjdk-amd64/jre/lib/ext/sunec.jar:/usr/lib/jvm/java-1.8.0-openjdk-amd64/jre/lib/ext/sunjce_provider.jar:/usr/lib/jvm/java-1.8.0-openjdk-amd64/jre/lib/ext/sunpkcs11.jar:/usr/lib/jvm/java-1.8.0-openjdk-amd64/jre/lib/ext/zipfs.jar:/usr/lib/jvm/java-1.8.0-openjdk-amd64/jre/lib/jce.jar:/usr/lib/jvm/java-1.8.0-openjdk-amd64/jre/lib/jsse.jar:/usr/lib/jvm/java-1.8.0-openjdk-amd64/jre/lib/management-agent.jar:/usr/lib/jvm/java-1.8.0-openjdk-amd64/jre/lib/resources.jar:/usr/lib/jvm/java-1.8.0-openjdk-amd64/jre/lib/rt.jar:/home/persol/Documents/Master2/SIC/SIC/out/production/SIC:/home/persol/.local/share/JetBrains/Toolbox/apps/IDEA-U/ch-0/172.4343.14/lib/idea_rt.jar
Launcher Type: SUN_STANDARD

Environment Variables:
PATH=./bin/:./sbin/:./games/:../bin/:../sbin/:/usr/local/sbin:/usr/local/bin:/usr/sbin:/usr/bin:/sbin:/bin:/usr/games:/usr/local/games:/snap/bin
LD_LIBRARY_PATH=/home/persol/.local/share/JetBrains/Toolbox/apps/IDEA-U/ch-0/172.4343.14/bin:share/jetbrains-toolbox:share/jetbrains-toolbox/lib:./lib/:./lib/i386-linux-gnu/:./lib/x86_64-linux-gnu/:./lib32/:./lib64/:../lib/:../lib/i386-linux-gnu/:../lib/x86_64-linux-gnu/:../lib32/:../lib64/:
SHELL=/bin/bash
DISPLAY=:0

Signal Handlers:
SIGSEGV: [libjvm.so+0xa6ad10], sa_mask[0]=11111111011111111101111111111110, sa_flags=SA_RESTART|SA_SIGINFO
SIGBUS: [libjvm.so+0xa6ad10], sa_mask[0]=11111111011111111101111111111110, sa_flags=SA_RESTART|SA_SIGINFO
SIGFPE: [libjvm.so+0x8b3bc0], sa_mask[0]=11111111011111111101111111111110, sa_flags=SA_RESTART|SA_SIGINFO
SIGPIPE: [libjvm.so+0x8b3bc0], sa_mask[0]=11111111011111111101111111111110, sa_flags=SA_RESTART|SA_SIGINFO
SIGXFSZ: [libjvm.so+0x8b3bc0], sa_mask[0]=11111111011111111101111111111110, sa_flags=SA_RESTART|SA_SIGINFO
SIGILL: [libjvm.so+0x8b3bc0], sa_mask[0]=11111111011111111101111111111110, sa_flags=SA_RESTART|SA_SIGINFO
SIGUSR1: SIG_DFL, sa_mask[0]=00000000000000000000000000000000, sa_flags=none
SIGUSR2: [libjvm.so+0x8b3a70], sa_mask[0]=00100000000000000000000000000000, sa_flags=SA_RESTART|SA_SIGINFO
SIGHUP: [libjvm.so+0x8b3f40], sa_mask[0]=11111111011111111101111111111110, sa_flags=SA_RESTART|SA_SIGINFO
SIGINT: [libjvm.so+0x8b3f40], sa_mask[0]=11111111011111111101111111111110, sa_flags=SA_RESTART|SA_SIGINFO
SIGTERM: [libjvm.so+0x8b3f40], sa_mask[0]=11111111011111111101111111111110, sa_flags=SA_RESTART|SA_SIGINFO
SIGQUIT: [libjvm.so+0x8b3f40], sa_mask[0]=11111111011111111101111111111110, sa_flags=SA_RESTART|SA_SIGINFO


---------------  S Y S T E M  ---------------

OS:DISTRIB_ID=Ubuntu
DISTRIB_RELEASE=16.04
DISTRIB_CODENAME=xenial
DISTRIB_DESCRIPTION="Ubuntu 16.04.2 LTS"

uname:Linux 4.4.0-96-generic #119-Ubuntu SMP Tue Sep 12 14:59:54 UTC 2017 x86_64
libc:glibc 2.23 NPTL 2.23 
rlimit: STACK 8192k, CORE 0k, NPROC 15356, NOFILE 1048576, AS infinity
load average:7,42 2,86 1,52

/proc/meminfo:
MemTotal:        3971752 kB
MemFree:          100848 kB
MemAvailable:      10992 kB
Buffers:             384 kB
Cached:           129444 kB
SwapCached:         5684 kB
Active:          2831380 kB
Inactive:         828816 kB
Active(anon):    2819208 kB
Inactive(anon):   816320 kB
Active(file):      12172 kB
Inactive(file):    12496 kB
Unevictable:        1064 kB
Mlocked:            1064 kB
SwapTotal:       2083836 kB
SwapFree:              4 kB
Dirty:                40 kB
Writeback:             8 kB
AnonPages:       3527296 kB
Mapped:            59188 kB
Shmem:            104404 kB
Slab:              85948 kB
SReclaimable:      40616 kB
SUnreclaim:        45332 kB
KernelStack:       12880 kB
PageTables:        52832 kB
NFS_Unstable:          0 kB
Bounce:                0 kB
WritebackTmp:          0 kB
CommitLimit:     4069712 kB
Committed_AS:   11596348 kB
VmallocTotal:   34359738367 kB
VmallocUsed:           0 kB
VmallocChunk:          0 kB
HardwareCorrupted:     0 kB
AnonHugePages:   1556480 kB
CmaTotal:              0 kB
CmaFree:               0 kB
HugePages_Total:       0
HugePages_Free:        0
HugePages_Rsvd:        0
HugePages_Surp:        0
Hugepagesize:       2048 kB
DirectMap4k:      218880 kB
DirectMap2M:     3901440 kB
DirectMap1G:     1048576 kB


CPU:total 4 (initial active 4) (2 cores per cpu, 2 threads per core) family 6 model 69 stepping 1, cmov, cx8, fxsr, mmx, sse, sse2, sse3, ssse3, sse4.1, sse4.2, popcnt, avx, avx2, aes, clmul, erms, lzcnt, ht, tsc, tscinvbit, bmi1, bmi2

/proc/cpuinfo:
processor	: 0
vendor_id	: GenuineIntel
cpu family	: 6
model		: 69
model name	: Intel(R) Core(TM) i3-4005U CPU @ 1.70GHz
stepping	: 1
microcode	: 0x1c
cpu MHz		: 1700.000
cache size	: 3072 KB
physical id	: 0
siblings	: 4
core id		: 0
cpu cores	: 2
apicid		: 0
initial apicid	: 0
fpu		: yes
fpu_exception	: yes
cpuid level	: 13
wp		: yes
flags		: fpu vme de pse tsc msr pae mce cx8 apic sep mtrr pge mca cmov pat pse36 clflush dts acpi mmx fxsr sse sse2 ss ht tm pbe syscall nx pdpe1gb rdtscp lm constant_tsc arch_perfmon pebs bts rep_good nopl xtopology nonstop_tsc aperfmperf eagerfpu pni pclmulqdq dtes64 monitor ds_cpl vmx est tm2 ssse3 sdbg fma cx16 xtpr pdcm pcid sse4_1 sse4_2 movbe popcnt tsc_deadline_timer aes xsave avx f16c rdrand lahf_lm abm epb tpr_shadow vnmi flexpriority ept vpid fsgsbase tsc_adjust bmi1 avx2 smep bmi2 erms invpcid xsaveopt dtherm ida arat pln pts
bugs		:
bogomips	: 3392.22
clflush size	: 64
cache_alignment	: 64
address sizes	: 39 bits physical, 48 bits virtual
power management:

processor	: 1
vendor_id	: GenuineIntel
cpu family	: 6
model		: 69
model name	: Intel(R) Core(TM) i3-4005U CPU @ 1.70GHz
stepping	: 1
microcode	: 0x1c
cpu MHz		: 1699.933
cache size	: 3072 KB
physical id	: 0
siblings	: 4
core id		: 0
cpu cores	: 2
apicid		: 1
initial apicid	: 1
fpu		: yes
fpu_exception	: yes
cpuid level	: 13
wp		: yes
flags		: fpu vme de pse tsc msr pae mce cx8 apic sep mtrr pge mca cmov pat pse36 clflush dts acpi mmx fxsr sse sse2 ss ht tm pbe syscall nx pdpe1gb rdtscp lm constant_tsc arch_perfmon pebs bts rep_good nopl xtopology nonstop_tsc aperfmperf eagerfpu pni pclmulqdq dtes64 monitor ds_cpl vmx est tm2 ssse3 sdbg fma cx16 xtpr pdcm pcid sse4_1 sse4_2 movbe popcnt tsc_deadline_timer aes xsave avx f16c rdrand lahf_lm abm epb tpr_shadow vnmi flexpriority ept vpid fsgsbase tsc_adjust bmi1 avx2 smep bmi2 erms invpcid xsaveopt dtherm ida arat pln pts
bugs		:
bogomips	: 3392.22
clflush size	: 64
cache_alignment	: 64
address sizes	: 39 bits physical, 48 bits virtual
power management:

processor	: 2
vendor_id	: GenuineIntel
cpu family	: 6
model		: 69
model name	: Intel(R) Core(TM) i3-4005U CPU @ 1.70GHz
stepping	: 1
microcode	: 0x1c
cpu MHz		: 1699.933
cache size	: 3072 KB
physical id	: 0
siblings	: 4
core id		: 1
cpu cores	: 2
apicid		: 2
initial apicid	: 2
fpu		: yes
fpu_exception	: yes
cpuid level	: 13
wp		: yes
flags		: fpu vme de pse tsc msr pae mce cx8 apic sep mtrr pge mca cmov pat pse36 clflush dts acpi mmx fxsr sse sse2 ss ht tm pbe syscall nx pdpe1gb rdtscp lm constant_tsc arch_perfmon pebs bts rep_good nopl xtopology nonstop_tsc aperfmperf eagerfpu pni pclmulqdq dtes64 monitor ds_cpl vmx est tm2 ssse3 sdbg fma cx16 xtpr pdcm pcid sse4_1 sse4_2 movbe popcnt tsc_deadline_timer aes xsave avx f16c rdrand lahf_lm abm epb tpr_shadow vnmi flexpriority ept vpid fsgsbase tsc_adjust bmi1 avx2 smep bmi2 erms invpcid xsaveopt dtherm ida arat pln pts
bugs		:
bogomips	: 3392.22
clflush size	: 64
cache_alignment	: 64
address sizes	: 39 bits physical, 48 bits virtual
power management:

processor	: 3
vendor_id	: GenuineIntel
cpu family	: 6
model		: 69
model name	: Intel(R) Core(TM) i3-4005U CPU @ 1.70GHz
stepping	: 1
microcode	: 0x1c
cpu MHz		: 1700.000
cache size	: 3072 KB
physical id	: 0
siblings	: 4
core id		: 1
cpu cores	: 2
apicid		: 3
initial apicid	: 3
fpu		: yes
fpu_exception	: yes
cpuid level	: 13
wp		: yes
flags		: fpu vme de pse tsc msr pae mce cx8 apic sep mtrr pge mca cmov pat pse36 clflush dts acpi mmx fxsr sse sse2 ss ht tm pbe syscall nx pdpe1gb rdtscp lm constant_tsc arch_perfmon pebs bts rep_good nopl xtopology nonstop_tsc aperfmperf eagerfpu pni pclmulqdq dtes64 monitor ds_cpl vmx est tm2 ssse3 sdbg fma cx16 xtpr pdcm pcid sse4_1 sse4_2 movbe popcnt tsc_deadline_timer aes xsave avx f16c rdrand lahf_lm abm epb tpr_shadow vnmi flexpriority ept vpid fsgsbase tsc_adjust bmi1 avx2 smep bmi2 erms invpcid xsaveopt dtherm ida arat pln pts
bugs		:
bogomips	: 3392.22
clflush size	: 64
cache_alignment	: 64
address sizes	: 39 bits physical, 48 bits virtual
power management:



Memory: 4k page, physical 3971752k(101192k free), swap 2083836k(0k free)

vm_info: OpenJDK 64-Bit Server VM (25.131-b11) for linux-amd64 JRE (1.8.0_131-8u131-b11-2ubuntu1.16.04.3-b11), built on Jul 28 2017 01:23:32 by "buildd" with gcc 5.4.0 20160609

time: Thu Sep 28 19:38:02 2017
elapsed time: 43 seconds (0d 0h 0m 43s)

